This file contains any messages produced by compilers while
running configure, to aid debugging if configure makes a mistake.

It was created by configure, which was
generated by GNU Autoconf 2.69.  Invocation command line was

  $ ./configure --disable-option-checking --prefix=/usr/local CC=gcc CXX=g++ CFLAGS=-g -O2 CXXFLAGS=-g -O2 AR=gcc-ar RANLIB=gcc-ranlib NM=gcc-nm VRNA_CFLAGS=-I$(top_srcdir)/../../src/ViennaRNA -I$(top_srcdir)/../../src VRNA_LIBS=-fno-strict-aliasing -flto -L$(top_builddir)/../../src/ViennaRNA -lRNA -fopenmp --cache-file=/dev/null --srcdir=.

## --------- ##
## Platform. ##
## --------- ##

hostname = tsuki
uname -m = x86_64
uname -r = 5.4.0-26-generic
uname -s = Linux
uname -v = #30-Ubuntu SMP Mon Apr 20 16:58:30 UTC 2020

/usr/bin/uname -p = unknown
/bin/uname -X     = unknown

/bin/arch              = unknown
/usr/bin/arch -k       = unknown
/usr/convex/getsysinfo = unknown
/usr/bin/hostinfo      = unknown
/bin/machine           = unknown
/usr/bin/oslevel       = unknown
/bin/universe          = unknown

PATH: /home/livanski/.local/bin
PATH: /usr/local/sbin
PATH: /usr/local/bin
PATH: /usr/sbin
PATH: /usr/bin
PATH: /sbin
PATH: /bin
PATH: /usr/games
PATH: /usr/local/games


## ----------- ##
## Core tests. ##
## ----------- ##

configure:2207: checking build system type
configure:2221: result: x86_64-unknown-linux-gnu
configure:2241: checking host system type
configure:2254: result: x86_64-unknown-linux-gnu
configure:2358: checking for gcc
configure:2385: result: gcc
configure:2614: checking for C compiler version
configure:2623: gcc --version >&5
gcc (Ubuntu 9.3.0-10ubuntu2) 9.3.0
Copyright (C) 2019 Free Software Foundation, Inc.
This is free software; see the source for copying conditions.  There is NO
warranty; not even for MERCHANTABILITY or FITNESS FOR A PARTICULAR PURPOSE.

configure:2634: $? = 0
configure:2623: gcc -v >&5
Using built-in specs.
COLLECT_GCC=gcc
COLLECT_LTO_WRAPPER=/usr/lib/gcc/x86_64-linux-gnu/9/lto-wrapper
OFFLOAD_TARGET_NAMES=nvptx-none:hsa
OFFLOAD_TARGET_DEFAULT=1
Target: x86_64-linux-gnu
Configured with: ../src/configure -v --with-pkgversion='Ubuntu 9.3.0-10ubuntu2' --with-bugurl=file:///usr/share/doc/gcc-9/README.Bugs --enable-languages=c,ada,c++,go,brig,d,fortran,objc,obj-c++,gm2 --prefix=/usr --with-gcc-major-version-only --program-suffix=-9 --program-prefix=x86_64-linux-gnu- --enable-shared --enable-linker-build-id --libexecdir=/usr/lib --without-included-gettext --enable-threads=posix --libdir=/usr/lib --enable-nls --enable-clocale=gnu --enable-libstdcxx-debug --enable-libstdcxx-time=yes --with-default-libstdcxx-abi=new --enable-gnu-unique-object --disable-vtable-verify --enable-plugin --enable-default-pie --with-system-zlib --with-target-system-zlib=auto --enable-objc-gc=auto --enable-multiarch --disable-werror --with-arch-32=i686 --with-abi=m64 --with-multilib-list=m32,m64,mx32 --enable-multilib --with-tune=generic --enable-offload-targets=nvptx-none,hsa --without-cuda-driver --enable-checking=release --build=x86_64-linux-gnu --host=x86_64-linux-gnu --target=x86_64-linux-gnu
Thread model: posix
gcc version 9.3.0 (Ubuntu 9.3.0-10ubuntu2) 
configure:2634: $? = 0
configure:2623: gcc -V >&5
gcc: error: unrecognized command line option '-V'
gcc: fatal error: no input files
compilation terminated.
configure:2634: $? = 1
configure:2623: gcc -qversion >&5
gcc: error: unrecognized command line option '-qversion'; did you mean '--version'?
gcc: fatal error: no input files
compilation terminated.
configure:2634: $? = 1
configure:2654: checking whether the C compiler works
configure:2676: gcc -g -O2   conftest.c  >&5
configure:2680: $? = 0
configure:2728: result: yes
configure:2731: checking for C compiler default output file name
configure:2733: result: a.out
configure:2739: checking for suffix of executables
configure:2746: gcc -o conftest -g -O2   conftest.c  >&5
configure:2750: $? = 0
configure:2772: result: 
configure:2794: checking whether we are cross compiling
configure:2802: gcc -o conftest -g -O2   conftest.c  >&5
configure:2806: $? = 0
configure:2813: ./conftest
configure:2817: $? = 0
configure:2805: result: no
configure:2810: checking for suffix of object files
configure:2832: gcc -c -g -O2  conftest.c >&5
configure:2836: $? = 0
configure:2857: result: o
configure:2861: checking whether we are using the GNU C compiler
configure:2880: gcc -c -g -O2  conftest.c >&5
configure:2880: $? = 0
configure:2889: result: yes
configure:2898: checking whether gcc accepts -g
configure:2918: gcc -c -g  conftest.c >&5
configure:2918: $? = 0
configure:2959: result: yes
configure:2976: checking for gcc option to accept ISO C89
configure:3039: gcc  -c -g -O2  conftest.c >&5
configure:3039: $? = 0
configure:3052: result: none needed
configure:3077: checking how to run the C preprocessor
configure:3108: gcc -E  conftest.c
configure:3108: $? = 0
configure:3122: gcc -E  conftest.c
conftest.c:10:10: fatal error: ac_nonexistent.h: No such file or directory
   10 | #include <ac_nonexistent.h>
      |          ^~~~~~~~~~~~~~~~~~
compilation terminated.
configure:3122: $? = 1
configure: failed program was:
| /* confdefs.h */
| #define PACKAGE_NAME ""
| #define PACKAGE_TARNAME ""
| #define PACKAGE_VERSION ""
| #define PACKAGE_STRING ""
| #define PACKAGE_BUGREPORT ""
| #define PACKAGE_URL ""
| #define LINUX 1
| /* end confdefs.h.  */
| #include <ac_nonexistent.h>
configure:3147: result: gcc -E
configure:3167: gcc -E  conftest.c
configure:3167: $? = 0
configure:3181: gcc -E  conftest.c
conftest.c:10:10: fatal error: ac_nonexistent.h: No such file or directory
   10 | #include <ac_nonexistent.h>
      |          ^~~~~~~~~~~~~~~~~~
compilation terminated.
configure:3181: $? = 1
configure: failed program was:
| /* confdefs.h */
| #define PACKAGE_NAME ""
| #define PACKAGE_TARNAME ""
| #define PACKAGE_VERSION ""
| #define PACKAGE_STRING ""
| #define PACKAGE_BUGREPORT ""
| #define PACKAGE_URL ""
| #define LINUX 1
| /* end confdefs.h.  */
| #include <ac_nonexistent.h>
configure:3321: checking for C++ compiler version
configure:3330: g++ --version >&5
g++ (Ubuntu 9.3.0-10ubuntu2) 9.3.0
Copyright (C) 2019 Free Software Foundation, Inc.
This is free software; see the source for copying conditions.  There is NO
warranty; not even for MERCHANTABILITY or FITNESS FOR A PARTICULAR PURPOSE.

configure:3341: $? = 0
configure:3330: g++ -v >&5
Using built-in specs.
COLLECT_GCC=g++
COLLECT_LTO_WRAPPER=/usr/lib/gcc/x86_64-linux-gnu/9/lto-wrapper
OFFLOAD_TARGET_NAMES=nvptx-none:hsa
OFFLOAD_TARGET_DEFAULT=1
Target: x86_64-linux-gnu
Configured with: ../src/configure -v --with-pkgversion='Ubuntu 9.3.0-10ubuntu2' --with-bugurl=file:///usr/share/doc/gcc-9/README.Bugs --enable-languages=c,ada,c++,go,brig,d,fortran,objc,obj-c++,gm2 --prefix=/usr --with-gcc-major-version-only --program-suffix=-9 --program-prefix=x86_64-linux-gnu- --enable-shared --enable-linker-build-id --libexecdir=/usr/lib --without-included-gettext --enable-threads=posix --libdir=/usr/lib --enable-nls --enable-clocale=gnu --enable-libstdcxx-debug --enable-libstdcxx-time=yes --with-default-libstdcxx-abi=new --enable-gnu-unique-object --disable-vtable-verify --enable-plugin --enable-default-pie --with-system-zlib --with-target-system-zlib=auto --enable-objc-gc=auto --enable-multiarch --disable-werror --with-arch-32=i686 --with-abi=m64 --with-multilib-list=m32,m64,mx32 --enable-multilib --with-tune=generic --enable-offload-targets=nvptx-none,hsa --without-cuda-driver --enable-checking=release --build=x86_64-linux-gnu --host=x86_64-linux-gnu --target=x86_64-linux-gnu
Thread model: posix
gcc version 9.3.0 (Ubuntu 9.3.0-10ubuntu2) 
configure:3341: $? = 0
configure:3330: g++ -V >&5
g++: error: unrecognized command line option '-V'
g++: fatal error: no input files
compilation terminated.
configure:3341: $? = 1
configure:3330: g++ -qversion >&5
g++: error: unrecognized command line option '-qversion'; did you mean '--version'?
g++: fatal error: no input files
compilation terminated.
configure:3341: $? = 1
configure:3345: checking whether we are using the GNU C++ compiler
configure:3364: g++ -c -g -O2  conftest.cpp >&5
configure:3364: $? = 0
configure:3373: result: yes
configure:3382: checking whether g++ accepts -g
configure:3402: g++ -c -g  conftest.cpp >&5
configure:3402: $? = 0
configure:3443: result: yes
configure:3480: checking for a BSD-compatible install
configure:3548: result: /usr/bin/install -c
configure:3561: checking for find
configure:3577: found /usr/bin/find
configure:3589: result: find
configure:3599: checking for makedepend
configure:3627: result: :
configure:3636: checking for dlopen in -ldl
configure:3661: gcc -o conftest -g -O2   conftest.c -ldl   >&5
configure:3661: $? = 0
configure:3670: result: yes
configure:3796: checking for X
configure:3904: gcc -E  conftest.c
conftest.c:10:10: fatal error: X11/Xlib.h: No such file or directory
   10 | #include <X11/Xlib.h>
      |          ^~~~~~~~~~~~
compilation terminated.
configure:3904: $? = 1
configure: failed program was:
| /* confdefs.h */
| #define PACKAGE_NAME ""
| #define PACKAGE_TARNAME ""
| #define PACKAGE_VERSION ""
| #define PACKAGE_STRING ""
| #define PACKAGE_BUGREPORT ""
| #define PACKAGE_URL ""
| #define LINUX 1
| /* end confdefs.h.  */
| #include <X11/Xlib.h>
configure:3935: gcc -o conftest -g -O2   conftest.c -lX11  >&5
conftest.c:10:10: fatal error: X11/Xlib.h: No such file or directory
   10 | #include <X11/Xlib.h>
      |          ^~~~~~~~~~~~
compilation terminated.
configure:3935: $? = 1
configure: failed program was:
| /* confdefs.h */
| #define PACKAGE_NAME ""
| #define PACKAGE_TARNAME ""
| #define PACKAGE_VERSION ""
| #define PACKAGE_STRING ""
| #define PACKAGE_BUGREPORT ""
| #define PACKAGE_URL ""
| #define LINUX 1
| /* end confdefs.h.  */
| #include <X11/Xlib.h>
| int
| main ()
| {
| XrmInitialize ()
|   ;
|   return 0;
| }
configure:3974: result: no
configure:4495: checking for main in -lm
configure:4514: gcc -o conftest -g -O2  -I/usr/local/include   conftest.c -lm   -L/usr/local/lib >&5
configure:4514: $? = 0
configure:4523: result: yes
configure:4533: checking for main in -lX11
configure:4552: gcc -o conftest -g -O2  -I/usr/local/include   conftest.c -lX11   -L/usr/local/lib -lm >&5
/usr/bin/ld: cannot find -lX11
collect2: error: ld returned 1 exit status
configure:4552: $? = 1
configure: failed program was:
| /* confdefs.h */
| #define PACKAGE_NAME ""
| #define PACKAGE_TARNAME ""
| #define PACKAGE_VERSION ""
| #define PACKAGE_STRING ""
| #define PACKAGE_BUGREPORT ""
| #define PACKAGE_URL ""
| #define LINUX 1
| #define X_DISPLAY_MISSING 1
| #define DO_PS 1
| #define DO_FIG 1
| /* end confdefs.h.  */
| 
| 
| int
| main ()
| {
| return main ();
|   ;
|   return 0;
| }
configure:4561: result: no
configure:4568: checking for main in -lXext
configure:4587: gcc -o conftest -g -O2  -I/usr/local/include   conftest.c -lXext   -L/usr/local/lib -lm >&5
/usr/bin/ld: cannot find -lXext
collect2: error: ld returned 1 exit status
configure:4587: $? = 1
configure: failed program was:
| /* confdefs.h */
| #define PACKAGE_NAME ""
| #define PACKAGE_TARNAME ""
| #define PACKAGE_VERSION ""
| #define PACKAGE_STRING ""
| #define PACKAGE_BUGREPORT ""
| #define PACKAGE_URL ""
| #define LINUX 1
| #define X_DISPLAY_MISSING 1
| #define DO_PS 1
| #define DO_FIG 1
| /* end confdefs.h.  */
| 
| 
| int
| main ()
| {
| return main ();
|   ;
|   return 0;
| }
configure:4596: result: no
configure:4603: checking for main in -lgd
configure:4622: gcc -o conftest -g -O2  -I/usr/local/include   conftest.c -lgd   -L/usr/local/lib -lm >&5
/usr/bin/ld: cannot find -lgd
collect2: error: ld returned 1 exit status
configure:4622: $? = 1
configure: failed program was:
| /* confdefs.h */
| #define PACKAGE_NAME ""
| #define PACKAGE_TARNAME ""
| #define PACKAGE_VERSION ""
| #define PACKAGE_STRING ""
| #define PACKAGE_BUGREPORT ""
| #define PACKAGE_URL ""
| #define LINUX 1
| #define X_DISPLAY_MISSING 1
| #define DO_PS 1
| #define DO_FIG 1
| /* end confdefs.h.  */
| 
| 
| int
| main ()
| {
| return main ();
|   ;
|   return 0;
| }
configure:4631: result: no
configure:4722: checking for grep that handles long lines and -e
configure:4780: result: /bin/grep
configure:4785: checking for egrep
configure:4847: result: /bin/grep -E
configure:4852: checking for ANSI C header files
configure:4872: gcc -c -g -O2  -I/usr/local/include  conftest.c >&5
configure:4872: $? = 0
configure:4945: gcc -o conftest -g -O2  -I/usr/local/include   conftest.c  -L/usr/local/lib -lm >&5
configure:4945: $? = 0
configure:4945: ./conftest
configure:4945: $? = 0
configure:4956: result: yes
configure:4969: checking for sys/types.h
configure:4969: gcc -c -g -O2  -I/usr/local/include  conftest.c >&5
configure:4969: $? = 0
configure:4969: result: yes
configure:4969: checking for sys/stat.h
configure:4969: gcc -c -g -O2  -I/usr/local/include  conftest.c >&5
configure:4969: $? = 0
configure:4969: result: yes
configure:4969: checking for stdlib.h
configure:4969: gcc -c -g -O2  -I/usr/local/include  conftest.c >&5
configure:4969: $? = 0
configure:4969: result: yes
configure:4969: checking for string.h
configure:4969: gcc -c -g -O2  -I/usr/local/include  conftest.c >&5
configure:4969: $? = 0
configure:4969: result: yes
configure:4969: checking for memory.h
configure:4969: gcc -c -g -O2  -I/usr/local/include  conftest.c >&5
configure:4969: $? = 0
configure:4969: result: yes
configure:4969: checking for strings.h
configure:4969: gcc -c -g -O2  -I/usr/local/include  conftest.c >&5
configure:4969: $? = 0
configure:4969: result: yes
configure:4969: checking for inttypes.h
configure:4969: gcc -c -g -O2  -I/usr/local/include  conftest.c >&5
configure:4969: $? = 0
configure:4969: result: yes
configure:4969: checking for stdint.h
configure:4969: gcc -c -g -O2  -I/usr/local/include  conftest.c >&5
configure:4969: $? = 0
configure:4969: result: yes
configure:4969: checking for unistd.h
configure:4969: gcc -c -g -O2  -I/usr/local/include  conftest.c >&5
configure:4969: $? = 0
configure:4969: result: yes
configure:4983: checking limits.h usability
configure:4983: gcc -c -g -O2  -I/usr/local/include  conftest.c >&5
configure:4983: $? = 0
configure:4983: result: yes
configure:4983: checking limits.h presence
configure:4983: gcc -E  conftest.c
configure:4983: $? = 0
configure:4983: result: yes
configure:4983: checking for limits.h
configure:4983: result: yes
configure:5142: creating ./config.status

## ---------------------- ##
## Running config.status. ##
## ---------------------- ##

This file was extended by config.status, which was
generated by GNU Autoconf 2.69.  Invocation command line was

  CONFIG_FILES    = 
  CONFIG_HEADERS  = 
  CONFIG_LINKS    = 
  CONFIG_COMMANDS = 
  $ ./config.status 

on tsuki

config.status:757: creating Makefile
config.status:757: creating demo/Makefile
config.status:757: creating g2_perl/Makefile.PL
config.status:757: creating g2_python/Makefile

## ---------------- ##
## Cache variables. ##
## ---------------- ##

ac_cv_build=x86_64-unknown-linux-gnu
ac_cv_c_compiler_gnu=yes
ac_cv_cxx_compiler_gnu=yes
ac_cv_env_CCC_set=
ac_cv_env_CCC_value=
ac_cv_env_CC_set=set
ac_cv_env_CC_value=gcc
ac_cv_env_CFLAGS_set=set
ac_cv_env_CFLAGS_value='-g -O2'
ac_cv_env_CPPFLAGS_set=
ac_cv_env_CPPFLAGS_value=
ac_cv_env_CPP_set=
ac_cv_env_CPP_value=
ac_cv_env_CXXFLAGS_set=set
ac_cv_env_CXXFLAGS_value='-g -O2'
ac_cv_env_CXX_set=set
ac_cv_env_CXX_value=g++
ac_cv_env_LDFLAGS_set=
ac_cv_env_LDFLAGS_value=
ac_cv_env_LIBS_set=
ac_cv_env_LIBS_value=
ac_cv_env_XMKMF_set=
ac_cv_env_XMKMF_value=
ac_cv_env_build_alias_set=
ac_cv_env_build_alias_value=
ac_cv_env_host_alias_set=
ac_cv_env_host_alias_value=
ac_cv_env_target_alias_set=
ac_cv_env_target_alias_value=
ac_cv_have_x=have_x=no
ac_cv_header_inttypes_h=yes
ac_cv_header_limits_h=yes
ac_cv_header_memory_h=yes
ac_cv_header_stdc=yes
ac_cv_header_stdint_h=yes
ac_cv_header_stdlib_h=yes
ac_cv_header_string_h=yes
ac_cv_header_strings_h=yes
ac_cv_header_sys_stat_h=yes
ac_cv_header_sys_types_h=yes
ac_cv_header_unistd_h=yes
ac_cv_host=x86_64-unknown-linux-gnu
ac_cv_lib_X11_main=no
ac_cv_lib_Xext_main=no
ac_cv_lib_dl_dlopen=yes
ac_cv_lib_gd_main=no
ac_cv_lib_m_main=yes
ac_cv_objext=o
ac_cv_path_EGREP='/bin/grep -E'
ac_cv_path_GREP=/bin/grep
ac_cv_path_install='/usr/bin/install -c'
ac_cv_prog_CPP='gcc -E'
ac_cv_prog_FIND=find
ac_cv_prog_MAKEDEPEND=:
ac_cv_prog_ac_ct_CC=gcc
ac_cv_prog_cc_c89=
ac_cv_prog_cc_g=yes
ac_cv_prog_cxx_g=yes

## ----------------- ##
## Output variables. ##
## ----------------- ##

AR='gcc-ar'
CC='gcc'
CFLAGS='-g -O2  -I/usr/local/include'
CPP='gcc -E'
CPPFLAGS=''
CXX='g++'
CXXFLAGS='-g -O2'
DEFS='-DPACKAGE_NAME=\"\" -DPACKAGE_TARNAME=\"\" -DPACKAGE_VERSION=\"\" -DPACKAGE_STRING=\"\" -DPACKAGE_BUGREPORT=\"\" -DPACKAGE_URL=\"\" -DLINUX=1 -DX_DISPLAY_MISSING=1 -DDO_PS=1 -DDO_FIG=1 -DSTDC_HEADERS=1 -DHAVE_SYS_TYPES_H=1 -DHAVE_SYS_STAT_H=1 -DHAVE_STDLIB_H=1 -DHAVE_STRING_H=1 -DHAVE_MEMORY_H=1 -DHAVE_STRINGS_H=1 -DHAVE_INTTYPES_H=1 -DHAVE_STDINT_H=1 -DHAVE_UNISTD_H=1 -DHAVE_LIMITS_H=1'
DO_FIG=''
DO_GD='#'
DO_GIF='#'
DO_PS=''
DO_WIN32='#'
DO_X11='#'
DO_XDBE='#'
ECHO_C=''
ECHO_N='-n'
ECHO_T=''
EGREP='/bin/grep -E'
EXEEXT=''
FIND='find'
GREP='/bin/grep'
INSTALL_DATA='${INSTALL} -m 644'
INSTALL_PROGRAM='${INSTALL}'
INSTALL_SCRIPT='${INSTALL}'
LDFLAGS=''
LD_SHARED='ld'
LD_SHARED_EXT='so.0.$(G2_VERSION)'
LD_SHARED_FLAGS='-shared -soname libg2.so.0'
LD_SHARED_OPT=''
LIBOBJS=''
LIBS=' -L/usr/local/lib -lm'
LTLIBOBJS=''
MAKEDEPEND=':'
OBJEXT='o'
PACKAGE_BUGREPORT=''
PACKAGE_NAME=''
PACKAGE_STRING=''
PACKAGE_TARNAME=''
PACKAGE_URL=''
PACKAGE_VERSION=''
PATH_SEPARATOR=':'
RANLIB='gcc-ranlib'
SHELL='/bin/bash'
XMKMF=''
X_CFLAGS=''
X_EXTRA_LIBS=''
X_LIBS=''
X_PRE_LIBS=''
ac_ct_CC='gcc'
ac_ct_CXX=''
bindir='${exec_prefix}/bin'
build='x86_64-unknown-linux-gnu'
build_alias=''
build_cpu='x86_64'
build_os='linux-gnu'
build_vendor='unknown'
datadir='${datarootdir}'
datarootdir='${prefix}/share'
docdir='${datarootdir}/doc/${PACKAGE}'
dvidir='${docdir}'
exec_prefix='${prefix}'
host='x86_64-unknown-linux-gnu'
host_alias=''
host_cpu='x86_64'
host_os='linux-gnu'
host_vendor='unknown'
htmldir='${docdir}'
includedir='${prefix}/include'
infodir='${datarootdir}/info'
libdir='${exec_prefix}/lib'
libexecdir='${exec_prefix}/libexec'
localedir='${datarootdir}/locale'
localstatedir='${prefix}/var'
mandir='${datarootdir}/man'
oldincludedir='/usr/include'
pdfdir='${docdir}'
prefix='/usr/local'
program_transform_name='s,x,x,'
psdir='${docdir}'
sbindir='${exec_prefix}/sbin'
sharedstatedir='${prefix}/com'
sysconfdir='${prefix}/etc'
target_alias=''

## ----------- ##
## confdefs.h. ##
## ----------- ##

/* confdefs.h */
#define PACKAGE_NAME ""
#define PACKAGE_TARNAME ""
#define PACKAGE_VERSION ""
#define PACKAGE_STRING ""
#define PACKAGE_BUGREPORT ""
#define PACKAGE_URL ""
#define LINUX 1
#define X_DISPLAY_MISSING 1
#define DO_PS 1
#define DO_FIG 1
#define STDC_HEADERS 1
#define HAVE_SYS_TYPES_H 1
#define HAVE_SYS_STAT_H 1
#define HAVE_STDLIB_H 1
#define HAVE_STRING_H 1
#define HAVE_MEMORY_H 1
#define HAVE_STRINGS_H 1
#define HAVE_INTTYPES_H 1
#define HAVE_STDINT_H 1
#define HAVE_UNISTD_H 1
#define HAVE_LIMITS_H 1

configure: exit 0
