This file contains any messages produced by compilers while
running configure, to aid debugging if configure makes a mistake.

It was created by ViennaRNA configure 2.3.3, which was
generated by GNU Autoconf 2.69.  Invocation command line was

  $ ./configure 

## --------- ##
## Platform. ##
## --------- ##

hostname = tsuki
uname -m = x86_64
uname -r = 5.4.0-26-generic
uname -s = Linux
uname -v = #30-Ubuntu SMP Mon Apr 20 16:58:30 UTC 2020

/usr/bin/uname -p = unknown
/bin/uname -X     = unknown

/bin/arch              = unknown
/usr/bin/arch -k       = unknown
/usr/convex/getsysinfo = unknown
/usr/bin/hostinfo      = unknown
/bin/machine           = unknown
/usr/bin/oslevel       = unknown
/bin/universe          = unknown

PATH: /home/livanski/.local/bin
PATH: /usr/local/sbin
PATH: /usr/local/bin
PATH: /usr/sbin
PATH: /usr/bin
PATH: /sbin
PATH: /bin
PATH: /usr/games
PATH: /usr/local/games


## ----------- ##
## Core tests. ##
## ----------- ##

configure:2837: checking for gcc
configure:2853: found /usr/bin/gcc
configure:2864: result: gcc
configure:3093: checking for C compiler version
configure:3102: gcc --version >&5
gcc (Ubuntu 9.3.0-10ubuntu2) 9.3.0
Copyright (C) 2019 Free Software Foundation, Inc.
This is free software; see the source for copying conditions.  There is NO
warranty; not even for MERCHANTABILITY or FITNESS FOR A PARTICULAR PURPOSE.

configure:3113: $? = 0
configure:3102: gcc -v >&5
Using built-in specs.
COLLECT_GCC=gcc
COLLECT_LTO_WRAPPER=/usr/lib/gcc/x86_64-linux-gnu/9/lto-wrapper
OFFLOAD_TARGET_NAMES=nvptx-none:hsa
OFFLOAD_TARGET_DEFAULT=1
Target: x86_64-linux-gnu
Configured with: ../src/configure -v --with-pkgversion='Ubuntu 9.3.0-10ubuntu2' --with-bugurl=file:///usr/share/doc/gcc-9/README.Bugs --enable-languages=c,ada,c++,go,brig,d,fortran,objc,obj-c++,gm2 --prefix=/usr --with-gcc-major-version-only --program-suffix=-9 --program-prefix=x86_64-linux-gnu- --enable-shared --enable-linker-build-id --libexecdir=/usr/lib --without-included-gettext --enable-threads=posix --libdir=/usr/lib --enable-nls --enable-clocale=gnu --enable-libstdcxx-debug --enable-libstdcxx-time=yes --with-default-libstdcxx-abi=new --enable-gnu-unique-object --disable-vtable-verify --enable-plugin --enable-default-pie --with-system-zlib --with-target-system-zlib=auto --enable-objc-gc=auto --enable-multiarch --disable-werror --with-arch-32=i686 --with-abi=m64 --with-multilib-list=m32,m64,mx32 --enable-multilib --with-tune=generic --enable-offload-targets=nvptx-none,hsa --without-cuda-driver --enable-checking=release --build=x86_64-linux-gnu --host=x86_64-linux-gnu --target=x86_64-linux-gnu
Thread model: posix
gcc version 9.3.0 (Ubuntu 9.3.0-10ubuntu2) 
configure:3113: $? = 0
configure:3102: gcc -V >&5
gcc: error: unrecognized command line option '-V'
gcc: fatal error: no input files
compilation terminated.
configure:3113: $? = 1
configure:3102: gcc -qversion >&5
gcc: error: unrecognized command line option '-qversion'; did you mean '--version'?
gcc: fatal error: no input files
compilation terminated.
configure:3113: $? = 1
configure:3133: checking whether the C compiler works
configure:3155: gcc    conftest.c  >&5
configure:3159: $? = 0
configure:3207: result: yes
configure:3210: checking for C compiler default output file name
configure:3212: result: a.out
configure:3218: checking for suffix of executables
configure:3225: gcc -o conftest    conftest.c  >&5
configure:3229: $? = 0
configure:3251: result: 
configure:3273: checking whether we are cross compiling
configure:3281: gcc -o conftest    conftest.c  >&5
configure:3285: $? = 0
configure:3292: ./conftest
configure:3296: $? = 0
configure:3284: result: no
configure:3289: checking for suffix of object files
configure:3311: gcc -c   conftest.c >&5
configure:3315: $? = 0
configure:3336: result: o
configure:3340: checking whether we are using the GNU C compiler
configure:3359: gcc -c   conftest.c >&5
configure:3359: $? = 0
configure:3368: result: yes
configure:3377: checking whether gcc accepts -g
configure:3397: gcc -c -g  conftest.c >&5
configure:3397: $? = 0
configure:3438: result: yes
configure:3455: checking for gcc option to accept ISO C89
configure:3518: gcc  -c -g -O2  conftest.c >&5
configure:3518: $? = 0
configure:3531: result: none needed
configure:3556: checking whether gcc understands -c and -o together
configure:3578: gcc -c conftest.c -o conftest2.o
configure:3581: $? = 0
configure:3578: gcc -c conftest.c -o conftest2.o
configure:3581: $? = 0
configure:3593: result: yes
configure:3616: checking how to run the C preprocessor
configure:3647: gcc -E  conftest.c
configure:3647: $? = 0
configure:3661: gcc -E  conftest.c
conftest.c:9:10: fatal error: ac_nonexistent.h: No such file or directory
    9 | #include <ac_nonexistent.h>
      |          ^~~~~~~~~~~~~~~~~~
compilation terminated.
configure:3661: $? = 1
configure: failed program was:
| /* confdefs.h */
| #define PACKAGE_NAME "ViennaRNA"
| #define PACKAGE_TARNAME "ViennaRNA"
| #define PACKAGE_VERSION "2.3.3"
| #define PACKAGE_STRING "ViennaRNA 2.3.3"
| #define PACKAGE_BUGREPORT "rna@tbi.univie.ac.at"
| #define PACKAGE_URL "http://www.tbi.univie.ac.at/RNA"
| /* end confdefs.h.  */
| #include <ac_nonexistent.h>
configure:3686: result: gcc -E
configure:3706: gcc -E  conftest.c
configure:3706: $? = 0
configure:3720: gcc -E  conftest.c
conftest.c:9:10: fatal error: ac_nonexistent.h: No such file or directory
    9 | #include <ac_nonexistent.h>
      |          ^~~~~~~~~~~~~~~~~~
compilation terminated.
configure:3720: $? = 1
configure: failed program was:
| /* confdefs.h */
| #define PACKAGE_NAME "ViennaRNA"
| #define PACKAGE_TARNAME "ViennaRNA"
| #define PACKAGE_VERSION "2.3.3"
| #define PACKAGE_STRING "ViennaRNA 2.3.3"
| #define PACKAGE_BUGREPORT "rna@tbi.univie.ac.at"
| #define PACKAGE_URL "http://www.tbi.univie.ac.at/RNA"
| /* end confdefs.h.  */
| #include <ac_nonexistent.h>
configure:3749: checking for grep that handles long lines and -e
configure:3807: result: /bin/grep
configure:3812: checking for egrep
configure:3874: result: /bin/grep -E
configure:3879: checking for ANSI C header files
configure:3899: gcc -c -g -O2  conftest.c >&5
configure:3899: $? = 0
configure:3972: gcc -o conftest -g -O2   conftest.c  >&5
configure:3972: $? = 0
configure:3972: ./conftest
configure:3972: $? = 0
configure:3983: result: yes
configure:3996: checking for sys/types.h
configure:3996: gcc -c -g -O2  conftest.c >&5
configure:3996: $? = 0
configure:3996: result: yes
configure:3996: checking for sys/stat.h
configure:3996: gcc -c -g -O2  conftest.c >&5
configure:3996: $? = 0
configure:3996: result: yes
configure:3996: checking for stdlib.h
configure:3996: gcc -c -g -O2  conftest.c >&5
configure:3996: $? = 0
configure:3996: result: yes
configure:3996: checking for string.h
configure:3996: gcc -c -g -O2  conftest.c >&5
configure:3996: $? = 0
configure:3996: result: yes
configure:3996: checking for memory.h
configure:3996: gcc -c -g -O2  conftest.c >&5
configure:3996: $? = 0
configure:3996: result: yes
configure:3996: checking for strings.h
configure:3996: gcc -c -g -O2  conftest.c >&5
configure:3996: $? = 0
configure:3996: result: yes
configure:3996: checking for inttypes.h
configure:3996: gcc -c -g -O2  conftest.c >&5
configure:3996: $? = 0
configure:3996: result: yes
configure:3996: checking for stdint.h
configure:3996: gcc -c -g -O2  conftest.c >&5
configure:3996: $? = 0
configure:3996: result: yes
configure:3996: checking for unistd.h
configure:3996: gcc -c -g -O2  conftest.c >&5
configure:3996: $? = 0
configure:3996: result: yes
configure:4009: checking minix/config.h usability
configure:4009: gcc -c -g -O2  conftest.c >&5
conftest.c:52:10: fatal error: minix/config.h: No such file or directory
   52 | #include <minix/config.h>
      |          ^~~~~~~~~~~~~~~~
compilation terminated.
configure:4009: $? = 1
configure: failed program was:
| /* confdefs.h */
| #define PACKAGE_NAME "ViennaRNA"
| #define PACKAGE_TARNAME "ViennaRNA"
| #define PACKAGE_VERSION "2.3.3"
| #define PACKAGE_STRING "ViennaRNA 2.3.3"
| #define PACKAGE_BUGREPORT "rna@tbi.univie.ac.at"
| #define PACKAGE_URL "http://www.tbi.univie.ac.at/RNA"
| #define STDC_HEADERS 1
| #define HAVE_SYS_TYPES_H 1
| #define HAVE_SYS_STAT_H 1
| #define HAVE_STDLIB_H 1
| #define HAVE_STRING_H 1
| #define HAVE_MEMORY_H 1
| #define HAVE_STRINGS_H 1
| #define HAVE_INTTYPES_H 1
| #define HAVE_STDINT_H 1
| #define HAVE_UNISTD_H 1
| /* end confdefs.h.  */
| #include <stdio.h>
| #ifdef HAVE_SYS_TYPES_H
| # include <sys/types.h>
| #endif
| #ifdef HAVE_SYS_STAT_H
| # include <sys/stat.h>
| #endif
| #ifdef STDC_HEADERS
| # include <stdlib.h>
| # include <stddef.h>
| #else
| # ifdef HAVE_STDLIB_H
| #  include <stdlib.h>
| # endif
| #endif
| #ifdef HAVE_STRING_H
| # if !defined STDC_HEADERS && defined HAVE_MEMORY_H
| #  include <memory.h>
| # endif
| # include <string.h>
| #endif
| #ifdef HAVE_STRINGS_H
| # include <strings.h>
| #endif
| #ifdef HAVE_INTTYPES_H
| # include <inttypes.h>
| #endif
| #ifdef HAVE_STDINT_H
| # include <stdint.h>
| #endif
| #ifdef HAVE_UNISTD_H
| # include <unistd.h>
| #endif
| #include <minix/config.h>
configure:4009: result: no
configure:4009: checking minix/config.h presence
configure:4009: gcc -E  conftest.c
conftest.c:19:10: fatal error: minix/config.h: No such file or directory
   19 | #include <minix/config.h>
      |          ^~~~~~~~~~~~~~~~
compilation terminated.
configure:4009: $? = 1
configure: failed program was:
| /* confdefs.h */
| #define PACKAGE_NAME "ViennaRNA"
| #define PACKAGE_TARNAME "ViennaRNA"
| #define PACKAGE_VERSION "2.3.3"
| #define PACKAGE_STRING "ViennaRNA 2.3.3"
| #define PACKAGE_BUGREPORT "rna@tbi.univie.ac.at"
| #define PACKAGE_URL "http://www.tbi.univie.ac.at/RNA"
| #define STDC_HEADERS 1
| #define HAVE_SYS_TYPES_H 1
| #define HAVE_SYS_STAT_H 1
| #define HAVE_STDLIB_H 1
| #define HAVE_STRING_H 1
| #define HAVE_MEMORY_H 1
| #define HAVE_STRINGS_H 1
| #define HAVE_INTTYPES_H 1
| #define HAVE_STDINT_H 1
| #define HAVE_UNISTD_H 1
| /* end confdefs.h.  */
| #include <minix/config.h>
configure:4009: result: no
configure:4009: checking for minix/config.h
configure:4009: result: no
configure:4030: checking whether it is safe to define __EXTENSIONS__
configure:4048: gcc -c -g -O2  conftest.c >&5
configure:4048: $? = 0
configure:4055: result: yes
configure:4082: checking whether make supports nested variables
configure:4099: result: yes
configure:4126: checking for a BSD-compatible install
configure:4194: result: /usr/bin/install -c
configure:4205: checking whether build environment is sane
configure:4260: result: yes
configure:4406: checking for a thread-safe mkdir -p
configure:4445: result: /bin/mkdir -p
configure:4452: checking for gawk
configure:4468: found /usr/bin/gawk
configure:4479: result: gawk
configure:4490: checking whether make sets $(MAKE)
configure:4512: result: yes
configure:4542: checking for style of include used by make
configure:4570: result: GNU
configure:4667: checking dependency style of gcc
configure:4778: result: gcc3
configure:4840: checking if malloc debugging is wanted
configure:4858: result: no
configure:4871: checking build system type
configure:4885: result: x86_64-unknown-linux-gnu
configure:4905: checking host system type
configure:4918: result: x86_64-unknown-linux-gnu
configure:4997: checking for g++
configure:5013: found /usr/bin/g++
configure:5024: result: g++
configure:5051: checking for C++ compiler version
configure:5060: g++ --version >&5
g++ (Ubuntu 9.3.0-10ubuntu2) 9.3.0
Copyright (C) 2019 Free Software Foundation, Inc.
This is free software; see the source for copying conditions.  There is NO
warranty; not even for MERCHANTABILITY or FITNESS FOR A PARTICULAR PURPOSE.

configure:5071: $? = 0
configure:5060: g++ -v >&5
Using built-in specs.
COLLECT_GCC=g++
COLLECT_LTO_WRAPPER=/usr/lib/gcc/x86_64-linux-gnu/9/lto-wrapper
OFFLOAD_TARGET_NAMES=nvptx-none:hsa
OFFLOAD_TARGET_DEFAULT=1
Target: x86_64-linux-gnu
Configured with: ../src/configure -v --with-pkgversion='Ubuntu 9.3.0-10ubuntu2' --with-bugurl=file:///usr/share/doc/gcc-9/README.Bugs --enable-languages=c,ada,c++,go,brig,d,fortran,objc,obj-c++,gm2 --prefix=/usr --with-gcc-major-version-only --program-suffix=-9 --program-prefix=x86_64-linux-gnu- --enable-shared --enable-linker-build-id --libexecdir=/usr/lib --without-included-gettext --enable-threads=posix --libdir=/usr/lib --enable-nls --enable-clocale=gnu --enable-libstdcxx-debug --enable-libstdcxx-time=yes --with-default-libstdcxx-abi=new --enable-gnu-unique-object --disable-vtable-verify --enable-plugin --enable-default-pie --with-system-zlib --with-target-system-zlib=auto --enable-objc-gc=auto --enable-multiarch --disable-werror --with-arch-32=i686 --with-abi=m64 --with-multilib-list=m32,m64,mx32 --enable-multilib --with-tune=generic --enable-offload-targets=nvptx-none,hsa --without-cuda-driver --enable-checking=release --build=x86_64-linux-gnu --host=x86_64-linux-gnu --target=x86_64-linux-gnu
Thread model: posix
gcc version 9.3.0 (Ubuntu 9.3.0-10ubuntu2) 
configure:5071: $? = 0
configure:5060: g++ -V >&5
g++: error: unrecognized command line option '-V'
g++: fatal error: no input files
compilation terminated.
configure:5071: $? = 1
configure:5060: g++ -qversion >&5
g++: error: unrecognized command line option '-qversion'; did you mean '--version'?
g++: fatal error: no input files
compilation terminated.
configure:5071: $? = 1
configure:5075: checking whether we are using the GNU C++ compiler
configure:5094: g++ -c   conftest.cpp >&5
configure:5094: $? = 0
configure:5103: result: yes
configure:5112: checking whether g++ accepts -g
configure:5132: g++ -c -g  conftest.cpp >&5
configure:5132: $? = 0
configure:5173: result: yes
configure:5198: checking dependency style of g++
configure:5309: result: gcc3
configure:5329: checking how to run the C++ preprocessor
configure:5356: g++ -E  conftest.cpp
configure:5356: $? = 0
configure:5370: g++ -E  conftest.cpp
conftest.cpp:26:10: fatal error: ac_nonexistent.h: No such file or directory
   26 | #include <ac_nonexistent.h>
      |          ^~~~~~~~~~~~~~~~~~
compilation terminated.
configure:5370: $? = 1
configure: failed program was:
| /* confdefs.h */
| #define PACKAGE_NAME "ViennaRNA"
| #define PACKAGE_TARNAME "ViennaRNA"
| #define PACKAGE_VERSION "2.3.3"
| #define PACKAGE_STRING "ViennaRNA 2.3.3"
| #define PACKAGE_BUGREPORT "rna@tbi.univie.ac.at"
| #define PACKAGE_URL "http://www.tbi.univie.ac.at/RNA"
| #define STDC_HEADERS 1
| #define HAVE_SYS_TYPES_H 1
| #define HAVE_SYS_STAT_H 1
| #define HAVE_STDLIB_H 1
| #define HAVE_STRING_H 1
| #define HAVE_MEMORY_H 1
| #define HAVE_STRINGS_H 1
| #define HAVE_INTTYPES_H 1
| #define HAVE_STDINT_H 1
| #define HAVE_UNISTD_H 1
| #define __EXTENSIONS__ 1
| #define _ALL_SOURCE 1
| #define _GNU_SOURCE 1
| #define _POSIX_PTHREAD_SEMANTICS 1
| #define _TANDEM_SOURCE 1
| #define PACKAGE "ViennaRNA"
| #define VERSION "2.3.3"
| /* end confdefs.h.  */
| #include <ac_nonexistent.h>
configure:5395: result: g++ -E
configure:5415: g++ -E  conftest.cpp
configure:5415: $? = 0
configure:5429: g++ -E  conftest.cpp
conftest.cpp:26:10: fatal error: ac_nonexistent.h: No such file or directory
   26 | #include <ac_nonexistent.h>
      |          ^~~~~~~~~~~~~~~~~~
compilation terminated.
configure:5429: $? = 1
configure: failed program was:
| /* confdefs.h */
| #define PACKAGE_NAME "ViennaRNA"
| #define PACKAGE_TARNAME "ViennaRNA"
| #define PACKAGE_VERSION "2.3.3"
| #define PACKAGE_STRING "ViennaRNA 2.3.3"
| #define PACKAGE_BUGREPORT "rna@tbi.univie.ac.at"
| #define PACKAGE_URL "http://www.tbi.univie.ac.at/RNA"
| #define STDC_HEADERS 1
| #define HAVE_SYS_TYPES_H 1
| #define HAVE_SYS_STAT_H 1
| #define HAVE_STDLIB_H 1
| #define HAVE_STRING_H 1
| #define HAVE_MEMORY_H 1
| #define HAVE_STRINGS_H 1
| #define HAVE_INTTYPES_H 1
| #define HAVE_STDINT_H 1
| #define HAVE_UNISTD_H 1
| #define __EXTENSIONS__ 1
| #define _ALL_SOURCE 1
| #define _GNU_SOURCE 1
| #define _POSIX_PTHREAD_SEMANTICS 1
| #define _TANDEM_SOURCE 1
| #define PACKAGE "ViennaRNA"
| #define VERSION "2.3.3"
| /* end confdefs.h.  */
| #include <ac_nonexistent.h>
configure:5505: checking for gcc
configure:5532: result: gcc
configure:5761: checking for C compiler version
configure:5770: gcc --version >&5
gcc (Ubuntu 9.3.0-10ubuntu2) 9.3.0
Copyright (C) 2019 Free Software Foundation, Inc.
This is free software; see the source for copying conditions.  There is NO
warranty; not even for MERCHANTABILITY or FITNESS FOR A PARTICULAR PURPOSE.

configure:5781: $? = 0
configure:5770: gcc -v >&5
Using built-in specs.
COLLECT_GCC=gcc
COLLECT_LTO_WRAPPER=/usr/lib/gcc/x86_64-linux-gnu/9/lto-wrapper
OFFLOAD_TARGET_NAMES=nvptx-none:hsa
OFFLOAD_TARGET_DEFAULT=1
Target: x86_64-linux-gnu
Configured with: ../src/configure -v --with-pkgversion='Ubuntu 9.3.0-10ubuntu2' --with-bugurl=file:///usr/share/doc/gcc-9/README.Bugs --enable-languages=c,ada,c++,go,brig,d,fortran,objc,obj-c++,gm2 --prefix=/usr --with-gcc-major-version-only --program-suffix=-9 --program-prefix=x86_64-linux-gnu- --enable-shared --enable-linker-build-id --libexecdir=/usr/lib --without-included-gettext --enable-threads=posix --libdir=/usr/lib --enable-nls --enable-clocale=gnu --enable-libstdcxx-debug --enable-libstdcxx-time=yes --with-default-libstdcxx-abi=new --enable-gnu-unique-object --disable-vtable-verify --enable-plugin --enable-default-pie --with-system-zlib --with-target-system-zlib=auto --enable-objc-gc=auto --enable-multiarch --disable-werror --with-arch-32=i686 --with-abi=m64 --with-multilib-list=m32,m64,mx32 --enable-multilib --with-tune=generic --enable-offload-targets=nvptx-none,hsa --without-cuda-driver --enable-checking=release --build=x86_64-linux-gnu --host=x86_64-linux-gnu --target=x86_64-linux-gnu
Thread model: posix
gcc version 9.3.0 (Ubuntu 9.3.0-10ubuntu2) 
configure:5781: $? = 0
configure:5770: gcc -V >&5
gcc: error: unrecognized command line option '-V'
gcc: fatal error: no input files
compilation terminated.
configure:5781: $? = 1
configure:5770: gcc -qversion >&5
gcc: error: unrecognized command line option '-qversion'; did you mean '--version'?
gcc: fatal error: no input files
compilation terminated.
configure:5781: $? = 1
configure:5785: checking whether we are using the GNU C compiler
configure:5813: result: yes
configure:5822: checking whether gcc accepts -g
configure:5883: result: yes
configure:5900: checking for gcc option to accept ISO C89
configure:5976: result: none needed
configure:6001: checking whether gcc understands -c and -o together
configure:6038: result: yes
configure:6060: checking how to run the C preprocessor
configure:6130: result: gcc -E
configure:6150: gcc -E  conftest.c
configure:6150: $? = 0
configure:6164: gcc -E  conftest.c
conftest.c:26:10: fatal error: ac_nonexistent.h: No such file or directory
   26 | #include <ac_nonexistent.h>
      |          ^~~~~~~~~~~~~~~~~~
compilation terminated.
configure:6164: $? = 1
configure: failed program was:
| /* confdefs.h */
| #define PACKAGE_NAME "ViennaRNA"
| #define PACKAGE_TARNAME "ViennaRNA"
| #define PACKAGE_VERSION "2.3.3"
| #define PACKAGE_STRING "ViennaRNA 2.3.3"
| #define PACKAGE_BUGREPORT "rna@tbi.univie.ac.at"
| #define PACKAGE_URL "http://www.tbi.univie.ac.at/RNA"
| #define STDC_HEADERS 1
| #define HAVE_SYS_TYPES_H 1
| #define HAVE_SYS_STAT_H 1
| #define HAVE_STDLIB_H 1
| #define HAVE_STRING_H 1
| #define HAVE_MEMORY_H 1
| #define HAVE_STRINGS_H 1
| #define HAVE_INTTYPES_H 1
| #define HAVE_STDINT_H 1
| #define HAVE_UNISTD_H 1
| #define __EXTENSIONS__ 1
| #define _ALL_SOURCE 1
| #define _GNU_SOURCE 1
| #define _POSIX_PTHREAD_SEMANTICS 1
| #define _TANDEM_SOURCE 1
| #define PACKAGE "ViennaRNA"
| #define VERSION "2.3.3"
| /* end confdefs.h.  */
| #include <ac_nonexistent.h>
configure:6253: checking for ar
configure:6269: found /usr/bin/ar
configure:6280: result: ar
configure:6306: checking the archiver (ar) interface
configure:6322: gcc -c -g -O2  conftest.c >&5
configure:6322: $? = 0
configure:6324: ar cru libconftest.a conftest.o >&5
ar: `u' modifier ignored since `D' is the default (see `U')
configure:6327: $? = 0
configure:6326: result: ar
configure:6346: checking whether make sets $(MAKE)
configure:6368: result: yes
configure:6377: checking for grep that handles long lines and -e
configure:6435: result: /bin/grep
configure:6442: checking for a sed that does not truncate output
configure:6506: result: /bin/sed
configure:6511: checking whether ln -s works
configure:6515: result: yes
configure:6522: checking for gcc option to accept ISO C99
configure:6671: gcc  -c -g -O2  conftest.c >&5
configure:6671: $? = 0
configure:6684: result: none needed
configure:6746: checking how to print strings
configure:6773: result: printf
configure:6794: checking for a sed that does not truncate output
configure:6858: result: /bin/sed
configure:6876: checking for fgrep
configure:6938: result: /bin/grep -F
configure:6973: checking for ld used by gcc
configure:7040: result: /usr/bin/ld
configure:7047: checking if the linker (/usr/bin/ld) is GNU ld
configure:7062: result: yes
configure:7074: checking for BSD- or MS-compatible name lister (nm)
configure:7128: result: /usr/bin/nm -B
configure:7258: checking the name lister (/usr/bin/nm -B) interface
configure:7265: gcc -c -g -O2  conftest.c >&5
configure:7268: /usr/bin/nm -B "conftest.o"
configure:7271: output
0000000000000000 B some_variable
configure:7272: result: BSD nm
configure:7276: checking the maximum length of command line arguments
configure:7407: result: 1572864
configure:7455: checking how to convert x86_64-unknown-linux-gnu file names to x86_64-unknown-linux-gnu format
configure:7495: result: func_convert_file_noop
configure:7502: checking how to convert x86_64-unknown-linux-gnu file names to toolchain format
configure:7522: result: func_convert_file_noop
configure:7529: checking for /usr/bin/ld option to reload object files
configure:7536: result: -r
configure:7610: checking for objdump
configure:7626: found /usr/bin/objdump
configure:7637: result: objdump
configure:7669: checking how to recognize dependent libraries
configure:7869: result: pass_all
configure:7954: checking for dlltool
configure:7984: result: no
configure:8014: checking how to associate runtime and link libraries
configure:8041: result: printf %s\n
configure:8165: checking for archiver @FILE support
configure:8182: gcc -c -g -O2  conftest.c >&5
configure:8182: $? = 0
configure:8185: ar cru libconftest.a @conftest.lst >&5
ar: `u' modifier ignored since `D' is the default (see `U')
configure:8188: $? = 0
configure:8193: ar cru libconftest.a @conftest.lst >&5
ar: `u' modifier ignored since `D' is the default (see `U')
ar: conftest.o: No such file or directory
configure:8196: $? = 1
configure:8195: result: @
configure:8253: checking for strip
configure:8269: found /usr/bin/strip
configure:8280: result: strip
configure:8352: checking for ranlib
configure:8368: found /usr/bin/ranlib
configure:8379: result: ranlib
configure:8481: checking command to parse /usr/bin/nm -B output from gcc object
configure:8634: gcc -c -g -O2  conftest.c >&5
configure:8637: $? = 0
configure:8641: /usr/bin/nm -B conftest.o \| sed -n -e 's/^.*[ ]\([ABCDGIRSTW][ABCDGIRSTW]*\)[ ][ ]*\([_A-Za-z][_A-Za-z0-9]*\)$/\1 \2 \2/p' | sed '/ __gnu_lto/d' \> conftest.nm
configure:8644: $? = 0
configure:8710: gcc -o conftest -g -O2   conftest.c conftstm.o >&5
configure:8713: $? = 0
configure:8751: result: ok
configure:8798: checking for sysroot
configure:8828: result: no
configure:8835: checking for a working dd
configure:8873: result: /bin/dd
configure:8877: checking how to truncate binary pipes
configure:8892: result: /bin/dd bs=4096 count=1
configure:9028: gcc -c -g -O2  conftest.c >&5
configure:9031: $? = 0
configure:9221: checking for mt
configure:9237: found /bin/mt
configure:9248: result: mt
configure:9271: checking if mt is a manifest tool
configure:9277: mt '-?'
configure:9285: result: no
configure:9959: checking for dlfcn.h
configure:9959: gcc -c -g -O2  conftest.c >&5
configure:9959: $? = 0
configure:9959: result: yes
configure:10226: checking for objdir
configure:10241: result: .libs
configure:10505: checking if gcc supports -fno-rtti -fno-exceptions
configure:10523: gcc -c -g -O2  -fno-rtti -fno-exceptions conftest.c >&5
cc1: warning: command line option '-fno-rtti' is valid for C++/D/ObjC++ but not for C
configure:10527: $? = 0
configure:10540: result: no
configure:10898: checking for gcc option to produce PIC
configure:10905: result: -fPIC -DPIC
configure:10913: checking if gcc PIC flag -fPIC -DPIC works
configure:10931: gcc -c -g -O2  -fPIC -DPIC -DPIC conftest.c >&5
configure:10935: $? = 0
configure:10948: result: yes
configure:10977: checking if gcc static flag -static works
configure:11005: result: yes
configure:11020: checking if gcc supports -c -o file.o
configure:11041: gcc -c -g -O2  -o out/conftest2.o conftest.c >&5
configure:11045: $? = 0
configure:11067: result: yes
configure:11075: checking if gcc supports -c -o file.o
configure:11122: result: yes
configure:11155: checking whether the gcc linker (/usr/bin/ld -m elf_x86_64) supports shared libraries
configure:12414: result: yes
configure:12451: checking whether -lc should be explicitly linked in
configure:12459: gcc -c -g -O2  conftest.c >&5
configure:12462: $? = 0
configure:12477: gcc -shared  -fPIC -DPIC conftest.o  -v -Wl,-soname -Wl,conftest -o conftest 2\>\&1 \| /bin/grep  -lc  \>/dev/null 2\>\&1
configure:12480: $? = 0
configure:12494: result: no
configure:12654: checking dynamic linker characteristics
configure:13235: gcc -o conftest -g -O2   -Wl,-rpath -Wl,/foo conftest.c  >&5
configure:13235: $? = 0
configure:13472: result: GNU/Linux ld.so
configure:13594: checking how to hardcode library paths into programs
configure:13619: result: immediate
configure:14167: checking whether stripping libraries is possible
configure:14172: result: yes
configure:14207: checking if libtool supports shared libraries
configure:14209: result: yes
configure:14212: checking whether to build shared libraries
configure:14237: result: yes
configure:14240: checking whether to build static libraries
configure:14244: result: yes
configure:11059: checking how to run the C++ preprocessor
configure:11125: result: g++ -E
configure:11145: g++ -E  conftest.cpp
configure:11145: $? = 0
configure:11159: g++ -E  conftest.cpp
conftest.cpp:29:10: fatal error: ac_nonexistent.h: No such file or directory
   29 | #include <ac_nonexistent.h>
      |          ^~~~~~~~~~~~~~~~~~
compilation terminated.
configure:11159: $? = 1
configure: failed program was:
| /* confdefs.h */
| #define PACKAGE_NAME "ViennaRNA"
| #define PACKAGE_TARNAME "ViennaRNA"
| #define PACKAGE_VERSION "2.3.3"
| #define PACKAGE_STRING "ViennaRNA 2.3.3"
| #define PACKAGE_BUGREPORT "rna@tbi.univie.ac.at"
| #define PACKAGE_URL "http://www.tbi.univie.ac.at/RNA"
| #define STDC_HEADERS 1
| #define HAVE_SYS_TYPES_H 1
| #define HAVE_SYS_STAT_H 1
| #define HAVE_STDLIB_H 1
| #define HAVE_STRING_H 1
| #define HAVE_MEMORY_H 1
| #define HAVE_STRINGS_H 1
| #define HAVE_INTTYPES_H 1
| #define HAVE_STDINT_H 1
| #define HAVE_UNISTD_H 1
| #define __EXTENSIONS__ 1
| #define _ALL_SOURCE 1
| #define _GNU_SOURCE 1
| #define _POSIX_PTHREAD_SEMANTICS 1
| #define _TANDEM_SOURCE 1
| #define PACKAGE "ViennaRNA"
| #define VERSION "2.3.3"
| #define UNUSED __attribute__ ((unused))
| #define HAVE_DLFCN_H 1
| #define LT_OBJDIR ".libs/"
| /* end confdefs.h.  */
| #include <ac_nonexistent.h>
configure:11321: checking for ld used by g++
configure:11388: result: /usr/bin/ld -m elf_x86_64
configure:11395: checking if the linker (/usr/bin/ld -m elf_x86_64) is GNU ld
configure:11410: result: yes
configure:11465: checking whether the g++ linker (/usr/bin/ld -m elf_x86_64) supports shared libraries
configure:12538: result: yes
configure:12574: g++ -c -g -O2  conftest.cpp >&5
configure:12577: $? = 0
configure:13058: checking for g++ option to produce PIC
configure:13065: result: -fPIC -DPIC
configure:13073: checking if g++ PIC flag -fPIC -DPIC works
configure:13091: g++ -c -g -O2  -fPIC -DPIC -DPIC conftest.cpp >&5
configure:13095: $? = 0
configure:13108: result: yes
configure:13131: checking if g++ static flag -static works
configure:13159: result: yes
configure:13171: checking if g++ supports -c -o file.o
configure:13192: g++ -c -g -O2  -o out/conftest2.o conftest.cpp >&5
configure:13196: $? = 0
configure:13218: result: yes
configure:13223: checking if g++ supports -c -o file.o
configure:13270: result: yes
configure:13300: checking whether the g++ linker (/usr/bin/ld -m elf_x86_64) supports shared libraries
configure:13340: result: yes
configure:13481: checking dynamic linker characteristics
configure:14226: result: GNU/Linux ld.so
configure:14291: checking how to hardcode library paths into programs
configure:14316: result: immediate
configure:13227: checking for exp in -lm
configure:13252: gcc -o conftest -g -O2   conftest.c -lm   >&5
conftest.c:36:6: warning: conflicting types for built-in function 'exp'; expected 'double(double)' [-Wbuiltin-declaration-mismatch]
   36 | char exp ();
      |      ^~~
conftest.c:1:1: note: 'exp' is declared in header '<math.h>'
    1 | /* confdefs.h */
configure:13252: $? = 0
configure:13261: result: yes
configure:13273: checking for ANSI C header files
configure:13377: result: yes
configure:13385: checking for stdbool.h that conforms to C99
configure:13452: gcc -c -g -O2  conftest.c >&5
configure:13452: $? = 0
configure:13459: result: yes
configure:13461: checking for _Bool
configure:13461: gcc -c -g -O2  conftest.c >&5
configure:13461: $? = 0
configure:13461: gcc -c -g -O2  conftest.c >&5
conftest.c: In function 'main':
conftest.c:67:20: error: expected expression before ')' token
   67 | if (sizeof ((_Bool)))
      |                    ^
configure:13461: $? = 1
configure: failed program was:
| /* confdefs.h */
| #define PACKAGE_NAME "ViennaRNA"
| #define PACKAGE_TARNAME "ViennaRNA"
| #define PACKAGE_VERSION "2.3.3"
| #define PACKAGE_STRING "ViennaRNA 2.3.3"
| #define PACKAGE_BUGREPORT "rna@tbi.univie.ac.at"
| #define PACKAGE_URL "http://www.tbi.univie.ac.at/RNA"
| #define STDC_HEADERS 1
| #define HAVE_SYS_TYPES_H 1
| #define HAVE_SYS_STAT_H 1
| #define HAVE_STDLIB_H 1
| #define HAVE_STRING_H 1
| #define HAVE_MEMORY_H 1
| #define HAVE_STRINGS_H 1
| #define HAVE_INTTYPES_H 1
| #define HAVE_STDINT_H 1
| #define HAVE_UNISTD_H 1
| #define __EXTENSIONS__ 1
| #define _ALL_SOURCE 1
| #define _GNU_SOURCE 1
| #define _POSIX_PTHREAD_SEMANTICS 1
| #define _TANDEM_SOURCE 1
| #define PACKAGE "ViennaRNA"
| #define VERSION "2.3.3"
| #define UNUSED __attribute__ ((unused))
| #define HAVE_DLFCN_H 1
| #define LT_OBJDIR ".libs/"
| #define HAVE_LIBM 1
| #define STDC_HEADERS 1
| /* end confdefs.h.  */
| #include <stdio.h>
| #ifdef HAVE_SYS_TYPES_H
| # include <sys/types.h>
| #endif
| #ifdef HAVE_SYS_STAT_H
| # include <sys/stat.h>
| #endif
| #ifdef STDC_HEADERS
| # include <stdlib.h>
| # include <stddef.h>
| #else
| # ifdef HAVE_STDLIB_H
| #  include <stdlib.h>
| # endif
| #endif
| #ifdef HAVE_STRING_H
| # if !defined STDC_HEADERS && defined HAVE_MEMORY_H
| #  include <memory.h>
| # endif
| # include <string.h>
| #endif
| #ifdef HAVE_STRINGS_H
| # include <strings.h>
| #endif
| #ifdef HAVE_INTTYPES_H
| # include <inttypes.h>
| #endif
| #ifdef HAVE_STDINT_H
| # include <stdint.h>
| #endif
| #ifdef HAVE_UNISTD_H
| # include <unistd.h>
| #endif
| int
| main ()
| {
| if (sizeof ((_Bool)))
| 	    return 0;
|   ;
|   return 0;
| }
configure:13461: result: yes
configure:13481: checking malloc.h usability
configure:13481: gcc -c -g -O2  conftest.c >&5
configure:13481: $? = 0
configure:13481: result: yes
configure:13481: checking malloc.h presence
configure:13481: gcc -E  conftest.c
configure:13481: $? = 0
configure:13481: result: yes
configure:13481: checking for malloc.h
configure:13481: result: yes
configure:13481: checking float.h usability
configure:13481: gcc -c -g -O2  conftest.c >&5
configure:13481: $? = 0
configure:13481: result: yes
configure:13481: checking float.h presence
configure:13481: gcc -E  conftest.c
configure:13481: $? = 0
configure:13481: result: yes
configure:13481: checking for float.h
configure:13481: result: yes
configure:13481: checking limits.h usability
configure:13481: gcc -c -g -O2  conftest.c >&5
configure:13481: $? = 0
configure:13481: result: yes
configure:13481: checking limits.h presence
configure:13481: gcc -E  conftest.c
configure:13481: $? = 0
configure:13481: result: yes
configure:13481: checking for limits.h
configure:13481: result: yes
configure:13481: checking for stdlib.h
configure:13481: result: yes
configure:13481: checking for string.h
configure:13481: result: yes
configure:13481: checking for strings.h
configure:13481: result: yes
configure:13481: checking for unistd.h
configure:13481: result: yes
configure:13481: checking math.h usability
configure:13481: gcc -c -g -O2  conftest.c >&5
configure:13481: $? = 0
configure:13481: result: yes
configure:13481: checking math.h presence
configure:13481: gcc -E  conftest.c
configure:13481: $? = 0
configure:13481: result: yes
configure:13481: checking for math.h
configure:13481: result: yes
configure:13481: checking stdarg.h usability
configure:13481: gcc -c -g -O2  conftest.c >&5
configure:13481: $? = 0
configure:13481: result: yes
configure:13481: checking stdarg.h presence
configure:13481: gcc -E  conftest.c
configure:13481: $? = 0
configure:13481: result: yes
configure:13481: checking for stdarg.h
configure:13481: result: yes
configure:13494: checking for stdlib.h
configure:13494: result: yes
configure:13504: checking for GNU libc compatible malloc
configure:13528: gcc -o conftest -g -O2   conftest.c -lm  >&5
configure:13528: $? = 0
configure:13528: ./conftest
configure:13528: $? = 0
configure:13538: result: yes
configure:13561: checking for stdlib.h
configure:13561: result: yes
configure:13571: checking for GNU libc compatible realloc
configure:13595: gcc -o conftest -g -O2   conftest.c -lm  >&5
configure:13595: $? = 0
configure:13595: ./conftest
configure:13595: $? = 0
configure:13605: result: yes
configure:13626: checking for working strtod
configure:13667: gcc -o conftest -g -O2   conftest.c -lm  >&5
configure:13667: $? = 0
configure:13667: ./conftest
configure:13667: $? = 0
configure:13677: result: yes
configure:13742: checking for floor
configure:13742: gcc -o conftest -g -O2   conftest.c -lm  >&5
conftest.c:69:6: warning: conflicting types for built-in function 'floor'; expected 'double(double)' [-Wbuiltin-declaration-mismatch]
   69 | char floor ();
      |      ^~~~~
conftest.c:57:1: note: 'floor' is declared in header '<math.h>'
   56 | # include <limits.h>
   57 | #else
configure:13742: $? = 0
configure:13742: result: yes
configure:13742: checking for strdup
configure:13742: gcc -o conftest -g -O2   conftest.c -lm  >&5
conftest.c:70:6: warning: conflicting types for built-in function 'strdup'; expected 'char *(const char *)' [-Wbuiltin-declaration-mismatch]
   70 | char strdup ();
      |      ^~~~~~
configure:13742: $? = 0
configure:13742: result: yes
configure:13742: checking for strstr
configure:13742: gcc -o conftest -g -O2   conftest.c -lm  >&5
conftest.c:71:6: warning: conflicting types for built-in function 'strstr'; expected 'char *(const char *, const char *)' [-Wbuiltin-declaration-mismatch]
   71 | char strstr ();
      |      ^~~~~~
conftest.c:59:1: note: 'strstr' is declared in header '<string.h>'
   58 | # include <limits.h>
   59 | #else
configure:13742: $? = 0
configure:13742: result: yes
configure:13742: checking for strchr
configure:13742: gcc -o conftest -g -O2   conftest.c -lm  >&5
conftest.c:72:6: warning: conflicting types for built-in function 'strchr'; expected 'char *(const char *, int)' [-Wbuiltin-declaration-mismatch]
   72 | char strchr ();
      |      ^~~~~~
conftest.c:60:1: note: 'strchr' is declared in header '<string.h>'
   59 | # include <limits.h>
   60 | #else
configure:13742: $? = 0
configure:13742: result: yes
configure:13742: checking for strrchr
configure:13742: gcc -o conftest -g -O2   conftest.c -lm  >&5
conftest.c:73:6: warning: conflicting types for built-in function 'strrchr'; expected 'char *(const char *, int)' [-Wbuiltin-declaration-mismatch]
   73 | char strrchr ();
      |      ^~~~~~~
conftest.c:61:1: note: 'strrchr' is declared in header '<string.h>'
   60 | # include <limits.h>
   61 | #else
configure:13742: $? = 0
configure:13742: result: yes
configure:13742: checking for strstr
configure:13742: result: yes
configure:13742: checking for strtol
configure:13742: gcc -o conftest -g -O2   conftest.c -lm  >&5
configure:13742: $? = 0
configure:13742: result: yes
configure:13742: checking for strtoul
configure:13742: gcc -o conftest -g -O2   conftest.c -lm  >&5
configure:13742: $? = 0
configure:13742: result: yes
configure:13742: checking for pow
configure:13742: gcc -o conftest -g -O2   conftest.c -lm  >&5
conftest.c:77:6: warning: conflicting types for built-in function 'pow'; expected 'double(double,  double)' [-Wbuiltin-declaration-mismatch]
   77 | char pow ();
      |      ^~~
conftest.c:65:1: note: 'pow' is declared in header '<math.h>'
   64 | # include <limits.h>
   65 | #else
configure:13742: $? = 0
configure:13742: result: yes
configure:13742: checking for rint
configure:13742: gcc -o conftest -g -O2   conftest.c -lm  >&5
conftest.c:78:6: warning: conflicting types for built-in function 'rint'; expected 'double(double)' [-Wbuiltin-declaration-mismatch]
   78 | char rint ();
      |      ^~~~
conftest.c:66:1: note: 'rint' is declared in header '<math.h>'
   65 | # include <limits.h>
   66 | #else
configure:13742: $? = 0
configure:13742: result: yes
configure:13742: checking for sqrt
configure:13742: gcc -o conftest -g -O2   conftest.c -lm  >&5
conftest.c:79:6: warning: conflicting types for built-in function 'sqrt'; expected 'double(double)' [-Wbuiltin-declaration-mismatch]
   79 | char sqrt ();
      |      ^~~~
conftest.c:67:1: note: 'sqrt' is declared in header '<math.h>'
   66 | # include <limits.h>
   67 | #else
configure:13742: $? = 0
configure:13742: result: yes
configure:13742: checking for erand48
configure:13742: gcc -o conftest -g -O2   conftest.c -lm  >&5
configure:13742: $? = 0
configure:13742: result: yes
configure:13742: checking for memset
configure:13742: gcc -o conftest -g -O2   conftest.c -lm  >&5
conftest.c:81:6: warning: conflicting types for built-in function 'memset'; expected 'void *(void *, int,  long unsigned int)' [-Wbuiltin-declaration-mismatch]
   81 | char memset ();
      |      ^~~~~~
conftest.c:69:1: note: 'memset' is declared in header '<string.h>'
   68 | # include <limits.h>
   69 | #else
configure:13742: $? = 0
configure:13742: result: yes
configure:13742: checking for memmove
configure:13742: gcc -o conftest -g -O2   conftest.c -lm  >&5
conftest.c:82:6: warning: conflicting types for built-in function 'memmove'; expected 'void *(void *, const void *, long unsigned int)' [-Wbuiltin-declaration-mismatch]
   82 | char memmove ();
      |      ^~~~~~~
conftest.c:70:1: note: 'memmove' is declared in header '<string.h>'
   69 | # include <limits.h>
   70 | #else
configure:13742: $? = 0
configure:13742: result: yes
configure:13742: checking for erand48
configure:13742: result: yes
configure:13742: checking for asprintf
configure:13742: gcc -o conftest -g -O2   conftest.c -lm  >&5
configure:13742: $? = 0
configure:13742: result: yes
configure:13742: checking for vasprintf
configure:13742: gcc -o conftest -g -O2   conftest.c -lm  >&5
configure:13742: $? = 0
configure:13742: result: yes
configure:13752: checking for an ANSI C-conforming const
configure:13818: gcc -c -g -O2  conftest.c >&5
configure:13818: $? = 0
configure:13825: result: yes
configure:13833: checking for size_t
configure:13833: gcc -c -g -O2  conftest.c >&5
configure:13833: $? = 0
configure:13833: gcc -c -g -O2  conftest.c >&5
conftest.c: In function 'main':
conftest.c:99:21: error: expected expression before ')' token
   99 | if (sizeof ((size_t)))
      |                     ^
configure:13833: $? = 1
configure: failed program was:
| /* confdefs.h */
| #define PACKAGE_NAME "ViennaRNA"
| #define PACKAGE_TARNAME "ViennaRNA"
| #define PACKAGE_VERSION "2.3.3"
| #define PACKAGE_STRING "ViennaRNA 2.3.3"
| #define PACKAGE_BUGREPORT "rna@tbi.univie.ac.at"
| #define PACKAGE_URL "http://www.tbi.univie.ac.at/RNA"
| #define STDC_HEADERS 1
| #define HAVE_SYS_TYPES_H 1
| #define HAVE_SYS_STAT_H 1
| #define HAVE_STDLIB_H 1
| #define HAVE_STRING_H 1
| #define HAVE_MEMORY_H 1
| #define HAVE_STRINGS_H 1
| #define HAVE_INTTYPES_H 1
| #define HAVE_STDINT_H 1
| #define HAVE_UNISTD_H 1
| #define __EXTENSIONS__ 1
| #define _ALL_SOURCE 1
| #define _GNU_SOURCE 1
| #define _POSIX_PTHREAD_SEMANTICS 1
| #define _TANDEM_SOURCE 1
| #define PACKAGE "ViennaRNA"
| #define VERSION "2.3.3"
| #define UNUSED __attribute__ ((unused))
| #define HAVE_DLFCN_H 1
| #define LT_OBJDIR ".libs/"
| #define HAVE_LIBM 1
| #define STDC_HEADERS 1
| #define HAVE__BOOL 1
| #define HAVE_STDBOOL_H 1
| #define HAVE_MALLOC_H 1
| #define HAVE_FLOAT_H 1
| #define HAVE_LIMITS_H 1
| #define HAVE_STDLIB_H 1
| #define HAVE_STRING_H 1
| #define HAVE_STRINGS_H 1
| #define HAVE_UNISTD_H 1
| #define HAVE_MATH_H 1
| #define HAVE_STDARG_H 1
| #define HAVE_STDLIB_H 1
| #define HAVE_MALLOC 1
| #define HAVE_STDLIB_H 1
| #define HAVE_REALLOC 1
| #define HAVE_FLOOR 1
| #define HAVE_STRDUP 1
| #define HAVE_STRSTR 1
| #define HAVE_STRCHR 1
| #define HAVE_STRRCHR 1
| #define HAVE_STRSTR 1
| #define HAVE_STRTOL 1
| #define HAVE_STRTOUL 1
| #define HAVE_POW 1
| #define HAVE_RINT 1
| #define HAVE_SQRT 1
| #define HAVE_ERAND48 1
| #define HAVE_MEMSET 1
| #define HAVE_MEMMOVE 1
| #define HAVE_ERAND48 1
| #define HAVE_ASPRINTF 1
| #define HAVE_VASPRINTF 1
| /* end confdefs.h.  */
| #include <stdio.h>
| #ifdef HAVE_SYS_TYPES_H
| # include <sys/types.h>
| #endif
| #ifdef HAVE_SYS_STAT_H
| # include <sys/stat.h>
| #endif
| #ifdef STDC_HEADERS
| # include <stdlib.h>
| # include <stddef.h>
| #else
| # ifdef HAVE_STDLIB_H
| #  include <stdlib.h>
| # endif
| #endif
| #ifdef HAVE_STRING_H
| # if !defined STDC_HEADERS && defined HAVE_MEMORY_H
| #  include <memory.h>
| # endif
| # include <string.h>
| #endif
| #ifdef HAVE_STRINGS_H
| # include <strings.h>
| #endif
| #ifdef HAVE_INTTYPES_H
| # include <inttypes.h>
| #endif
| #ifdef HAVE_STDINT_H
| # include <stdint.h>
| #endif
| #ifdef HAVE_UNISTD_H
| # include <unistd.h>
| #endif
| int
| main ()
| {
| if (sizeof ((size_t)))
| 	    return 0;
|   ;
|   return 0;
| }
configure:13833: result: yes
configure:13844: checking for inline
configure:13860: gcc -c -g -O2  conftest.c >&5
configure:13860: $? = 0
configure:13868: result: inline
configure:13943: checking for pkg-config
configure:13961: found /usr/bin/pkg-config
configure:13973: result: /usr/bin/pkg-config
configure:13998: checking pkg-config is at least version 0.9.0
configure:14001: result: yes
configure:14011: checking for C compiler vendor
configure:14058: gcc -c -g -O2  conftest.c >&5
conftest.c: In function 'main':
conftest.c:69:9: error: 'thisisanerror' undeclared (first use in this function)
   69 |         thisisanerror;
      |         ^~~~~~~~~~~~~
conftest.c:69:9: note: each undeclared identifier is reported only once for each function it appears in
configure:14058: $? = 1
configure: failed program was:
| /* confdefs.h */
| #define PACKAGE_NAME "ViennaRNA"
| #define PACKAGE_TARNAME "ViennaRNA"
| #define PACKAGE_VERSION "2.3.3"
| #define PACKAGE_STRING "ViennaRNA 2.3.3"
| #define PACKAGE_BUGREPORT "rna@tbi.univie.ac.at"
| #define PACKAGE_URL "http://www.tbi.univie.ac.at/RNA"
| #define STDC_HEADERS 1
| #define HAVE_SYS_TYPES_H 1
| #define HAVE_SYS_STAT_H 1
| #define HAVE_STDLIB_H 1
| #define HAVE_STRING_H 1
| #define HAVE_MEMORY_H 1
| #define HAVE_STRINGS_H 1
| #define HAVE_INTTYPES_H 1
| #define HAVE_STDINT_H 1
| #define HAVE_UNISTD_H 1
| #define __EXTENSIONS__ 1
| #define _ALL_SOURCE 1
| #define _GNU_SOURCE 1
| #define _POSIX_PTHREAD_SEMANTICS 1
| #define _TANDEM_SOURCE 1
| #define PACKAGE "ViennaRNA"
| #define VERSION "2.3.3"
| #define UNUSED __attribute__ ((unused))
| #define HAVE_DLFCN_H 1
| #define LT_OBJDIR ".libs/"
| #define HAVE_LIBM 1
| #define STDC_HEADERS 1
| #define HAVE__BOOL 1
| #define HAVE_STDBOOL_H 1
| #define HAVE_MALLOC_H 1
| #define HAVE_FLOAT_H 1
| #define HAVE_LIMITS_H 1
| #define HAVE_STDLIB_H 1
| #define HAVE_STRING_H 1
| #define HAVE_STRINGS_H 1
| #define HAVE_UNISTD_H 1
| #define HAVE_MATH_H 1
| #define HAVE_STDARG_H 1
| #define HAVE_STDLIB_H 1
| #define HAVE_MALLOC 1
| #define HAVE_STDLIB_H 1
| #define HAVE_REALLOC 1
| #define HAVE_FLOOR 1
| #define HAVE_STRDUP 1
| #define HAVE_STRSTR 1
| #define HAVE_STRCHR 1
| #define HAVE_STRRCHR 1
| #define HAVE_STRSTR 1
| #define HAVE_STRTOL 1
| #define HAVE_STRTOUL 1
| #define HAVE_POW 1
| #define HAVE_RINT 1
| #define HAVE_SQRT 1
| #define HAVE_ERAND48 1
| #define HAVE_MEMSET 1
| #define HAVE_MEMMOVE 1
| #define HAVE_ERAND48 1
| #define HAVE_ASPRINTF 1
| #define HAVE_VASPRINTF 1
| /* end confdefs.h.  */
| 
| int
| main ()
| {
| 
|       #if !(defined(__ICC) || defined(__ECC) || defined(__INTEL_COMPILER))
|         thisisanerror;
|       #endif
| 
|   ;
|   return 0;
| }
configure:14058: gcc -c -g -O2  conftest.c >&5
conftest.c: In function 'main':
conftest.c:69:9: error: 'thisisanerror' undeclared (first use in this function)
   69 |         thisisanerror;
      |         ^~~~~~~~~~~~~
conftest.c:69:9: note: each undeclared identifier is reported only once for each function it appears in
configure:14058: $? = 1
configure: failed program was:
| /* confdefs.h */
| #define PACKAGE_NAME "ViennaRNA"
| #define PACKAGE_TARNAME "ViennaRNA"
| #define PACKAGE_VERSION "2.3.3"
| #define PACKAGE_STRING "ViennaRNA 2.3.3"
| #define PACKAGE_BUGREPORT "rna@tbi.univie.ac.at"
| #define PACKAGE_URL "http://www.tbi.univie.ac.at/RNA"
| #define STDC_HEADERS 1
| #define HAVE_SYS_TYPES_H 1
| #define HAVE_SYS_STAT_H 1
| #define HAVE_STDLIB_H 1
| #define HAVE_STRING_H 1
| #define HAVE_MEMORY_H 1
| #define HAVE_STRINGS_H 1
| #define HAVE_INTTYPES_H 1
| #define HAVE_STDINT_H 1
| #define HAVE_UNISTD_H 1
| #define __EXTENSIONS__ 1
| #define _ALL_SOURCE 1
| #define _GNU_SOURCE 1
| #define _POSIX_PTHREAD_SEMANTICS 1
| #define _TANDEM_SOURCE 1
| #define PACKAGE "ViennaRNA"
| #define VERSION "2.3.3"
| #define UNUSED __attribute__ ((unused))
| #define HAVE_DLFCN_H 1
| #define LT_OBJDIR ".libs/"
| #define HAVE_LIBM 1
| #define STDC_HEADERS 1
| #define HAVE__BOOL 1
| #define HAVE_STDBOOL_H 1
| #define HAVE_MALLOC_H 1
| #define HAVE_FLOAT_H 1
| #define HAVE_LIMITS_H 1
| #define HAVE_STDLIB_H 1
| #define HAVE_STRING_H 1
| #define HAVE_STRINGS_H 1
| #define HAVE_UNISTD_H 1
| #define HAVE_MATH_H 1
| #define HAVE_STDARG_H 1
| #define HAVE_STDLIB_H 1
| #define HAVE_MALLOC 1
| #define HAVE_STDLIB_H 1
| #define HAVE_REALLOC 1
| #define HAVE_FLOOR 1
| #define HAVE_STRDUP 1
| #define HAVE_STRSTR 1
| #define HAVE_STRCHR 1
| #define HAVE_STRRCHR 1
| #define HAVE_STRSTR 1
| #define HAVE_STRTOL 1
| #define HAVE_STRTOUL 1
| #define HAVE_POW 1
| #define HAVE_RINT 1
| #define HAVE_SQRT 1
| #define HAVE_ERAND48 1
| #define HAVE_MEMSET 1
| #define HAVE_MEMMOVE 1
| #define HAVE_ERAND48 1
| #define HAVE_ASPRINTF 1
| #define HAVE_VASPRINTF 1
| /* end confdefs.h.  */
| 
| int
| main ()
| {
| 
|       #if !(defined(__xlc__) || defined(__xlC__) || defined(__IBMC__) || defined(__IBMCPP__))
|         thisisanerror;
|       #endif
| 
|   ;
|   return 0;
| }
configure:14058: gcc -c -g -O2  conftest.c >&5
conftest.c: In function 'main':
conftest.c:69:9: error: 'thisisanerror' undeclared (first use in this function)
   69 |         thisisanerror;
      |         ^~~~~~~~~~~~~
conftest.c:69:9: note: each undeclared identifier is reported only once for each function it appears in
configure:14058: $? = 1
configure: failed program was:
| /* confdefs.h */
| #define PACKAGE_NAME "ViennaRNA"
| #define PACKAGE_TARNAME "ViennaRNA"
| #define PACKAGE_VERSION "2.3.3"
| #define PACKAGE_STRING "ViennaRNA 2.3.3"
| #define PACKAGE_BUGREPORT "rna@tbi.univie.ac.at"
| #define PACKAGE_URL "http://www.tbi.univie.ac.at/RNA"
| #define STDC_HEADERS 1
| #define HAVE_SYS_TYPES_H 1
| #define HAVE_SYS_STAT_H 1
| #define HAVE_STDLIB_H 1
| #define HAVE_STRING_H 1
| #define HAVE_MEMORY_H 1
| #define HAVE_STRINGS_H 1
| #define HAVE_INTTYPES_H 1
| #define HAVE_STDINT_H 1
| #define HAVE_UNISTD_H 1
| #define __EXTENSIONS__ 1
| #define _ALL_SOURCE 1
| #define _GNU_SOURCE 1
| #define _POSIX_PTHREAD_SEMANTICS 1
| #define _TANDEM_SOURCE 1
| #define PACKAGE "ViennaRNA"
| #define VERSION "2.3.3"
| #define UNUSED __attribute__ ((unused))
| #define HAVE_DLFCN_H 1
| #define LT_OBJDIR ".libs/"
| #define HAVE_LIBM 1
| #define STDC_HEADERS 1
| #define HAVE__BOOL 1
| #define HAVE_STDBOOL_H 1
| #define HAVE_MALLOC_H 1
| #define HAVE_FLOAT_H 1
| #define HAVE_LIMITS_H 1
| #define HAVE_STDLIB_H 1
| #define HAVE_STRING_H 1
| #define HAVE_STRINGS_H 1
| #define HAVE_UNISTD_H 1
| #define HAVE_MATH_H 1
| #define HAVE_STDARG_H 1
| #define HAVE_STDLIB_H 1
| #define HAVE_MALLOC 1
| #define HAVE_STDLIB_H 1
| #define HAVE_REALLOC 1
| #define HAVE_FLOOR 1
| #define HAVE_STRDUP 1
| #define HAVE_STRSTR 1
| #define HAVE_STRCHR 1
| #define HAVE_STRRCHR 1
| #define HAVE_STRSTR 1
| #define HAVE_STRTOL 1
| #define HAVE_STRTOUL 1
| #define HAVE_POW 1
| #define HAVE_RINT 1
| #define HAVE_SQRT 1
| #define HAVE_ERAND48 1
| #define HAVE_MEMSET 1
| #define HAVE_MEMMOVE 1
| #define HAVE_ERAND48 1
| #define HAVE_ASPRINTF 1
| #define HAVE_VASPRINTF 1
| /* end confdefs.h.  */
| 
| int
| main ()
| {
| 
|       #if !(defined(__PATHCC__) || defined(__PATHSCALE__))
|         thisisanerror;
|       #endif
| 
|   ;
|   return 0;
| }
configure:14058: gcc -c -g -O2  conftest.c >&5
conftest.c: In function 'main':
conftest.c:69:9: error: 'thisisanerror' undeclared (first use in this function)
   69 |         thisisanerror;
      |         ^~~~~~~~~~~~~
conftest.c:69:9: note: each undeclared identifier is reported only once for each function it appears in
configure:14058: $? = 1
configure: failed program was:
| /* confdefs.h */
| #define PACKAGE_NAME "ViennaRNA"
| #define PACKAGE_TARNAME "ViennaRNA"
| #define PACKAGE_VERSION "2.3.3"
| #define PACKAGE_STRING "ViennaRNA 2.3.3"
| #define PACKAGE_BUGREPORT "rna@tbi.univie.ac.at"
| #define PACKAGE_URL "http://www.tbi.univie.ac.at/RNA"
| #define STDC_HEADERS 1
| #define HAVE_SYS_TYPES_H 1
| #define HAVE_SYS_STAT_H 1
| #define HAVE_STDLIB_H 1
| #define HAVE_STRING_H 1
| #define HAVE_MEMORY_H 1
| #define HAVE_STRINGS_H 1
| #define HAVE_INTTYPES_H 1
| #define HAVE_STDINT_H 1
| #define HAVE_UNISTD_H 1
| #define __EXTENSIONS__ 1
| #define _ALL_SOURCE 1
| #define _GNU_SOURCE 1
| #define _POSIX_PTHREAD_SEMANTICS 1
| #define _TANDEM_SOURCE 1
| #define PACKAGE "ViennaRNA"
| #define VERSION "2.3.3"
| #define UNUSED __attribute__ ((unused))
| #define HAVE_DLFCN_H 1
| #define LT_OBJDIR ".libs/"
| #define HAVE_LIBM 1
| #define STDC_HEADERS 1
| #define HAVE__BOOL 1
| #define HAVE_STDBOOL_H 1
| #define HAVE_MALLOC_H 1
| #define HAVE_FLOAT_H 1
| #define HAVE_LIMITS_H 1
| #define HAVE_STDLIB_H 1
| #define HAVE_STRING_H 1
| #define HAVE_STRINGS_H 1
| #define HAVE_UNISTD_H 1
| #define HAVE_MATH_H 1
| #define HAVE_STDARG_H 1
| #define HAVE_STDLIB_H 1
| #define HAVE_MALLOC 1
| #define HAVE_STDLIB_H 1
| #define HAVE_REALLOC 1
| #define HAVE_FLOOR 1
| #define HAVE_STRDUP 1
| #define HAVE_STRSTR 1
| #define HAVE_STRCHR 1
| #define HAVE_STRRCHR 1
| #define HAVE_STRSTR 1
| #define HAVE_STRTOL 1
| #define HAVE_STRTOUL 1
| #define HAVE_POW 1
| #define HAVE_RINT 1
| #define HAVE_SQRT 1
| #define HAVE_ERAND48 1
| #define HAVE_MEMSET 1
| #define HAVE_MEMMOVE 1
| #define HAVE_ERAND48 1
| #define HAVE_ASPRINTF 1
| #define HAVE_VASPRINTF 1
| /* end confdefs.h.  */
| 
| int
| main ()
| {
| 
|       #if !(defined(__clang__))
|         thisisanerror;
|       #endif
| 
|   ;
|   return 0;
| }
configure:14058: gcc -c -g -O2  conftest.c >&5
conftest.c: In function 'main':
conftest.c:69:9: error: 'thisisanerror' undeclared (first use in this function)
   69 |         thisisanerror;
      |         ^~~~~~~~~~~~~
conftest.c:69:9: note: each undeclared identifier is reported only once for each function it appears in
configure:14058: $? = 1
configure: failed program was:
| /* confdefs.h */
| #define PACKAGE_NAME "ViennaRNA"
| #define PACKAGE_TARNAME "ViennaRNA"
| #define PACKAGE_VERSION "2.3.3"
| #define PACKAGE_STRING "ViennaRNA 2.3.3"
| #define PACKAGE_BUGREPORT "rna@tbi.univie.ac.at"
| #define PACKAGE_URL "http://www.tbi.univie.ac.at/RNA"
| #define STDC_HEADERS 1
| #define HAVE_SYS_TYPES_H 1
| #define HAVE_SYS_STAT_H 1
| #define HAVE_STDLIB_H 1
| #define HAVE_STRING_H 1
| #define HAVE_MEMORY_H 1
| #define HAVE_STRINGS_H 1
| #define HAVE_INTTYPES_H 1
| #define HAVE_STDINT_H 1
| #define HAVE_UNISTD_H 1
| #define __EXTENSIONS__ 1
| #define _ALL_SOURCE 1
| #define _GNU_SOURCE 1
| #define _POSIX_PTHREAD_SEMANTICS 1
| #define _TANDEM_SOURCE 1
| #define PACKAGE "ViennaRNA"
| #define VERSION "2.3.3"
| #define UNUSED __attribute__ ((unused))
| #define HAVE_DLFCN_H 1
| #define LT_OBJDIR ".libs/"
| #define HAVE_LIBM 1
| #define STDC_HEADERS 1
| #define HAVE__BOOL 1
| #define HAVE_STDBOOL_H 1
| #define HAVE_MALLOC_H 1
| #define HAVE_FLOAT_H 1
| #define HAVE_LIMITS_H 1
| #define HAVE_STDLIB_H 1
| #define HAVE_STRING_H 1
| #define HAVE_STRINGS_H 1
| #define HAVE_UNISTD_H 1
| #define HAVE_MATH_H 1
| #define HAVE_STDARG_H 1
| #define HAVE_STDLIB_H 1
| #define HAVE_MALLOC 1
| #define HAVE_STDLIB_H 1
| #define HAVE_REALLOC 1
| #define HAVE_FLOOR 1
| #define HAVE_STRDUP 1
| #define HAVE_STRSTR 1
| #define HAVE_STRCHR 1
| #define HAVE_STRRCHR 1
| #define HAVE_STRSTR 1
| #define HAVE_STRTOL 1
| #define HAVE_STRTOUL 1
| #define HAVE_POW 1
| #define HAVE_RINT 1
| #define HAVE_SQRT 1
| #define HAVE_ERAND48 1
| #define HAVE_MEMSET 1
| #define HAVE_MEMMOVE 1
| #define HAVE_ERAND48 1
| #define HAVE_ASPRINTF 1
| #define HAVE_VASPRINTF 1
| /* end confdefs.h.  */
| 
| int
| main ()
| {
| 
|       #if !(defined(_CRAYC))
|         thisisanerror;
|       #endif
| 
|   ;
|   return 0;
| }
configure:14058: gcc -c -g -O2  conftest.c >&5
conftest.c: In function 'main':
conftest.c:69:9: error: 'thisisanerror' undeclared (first use in this function)
   69 |         thisisanerror;
      |         ^~~~~~~~~~~~~
conftest.c:69:9: note: each undeclared identifier is reported only once for each function it appears in
configure:14058: $? = 1
configure: failed program was:
| /* confdefs.h */
| #define PACKAGE_NAME "ViennaRNA"
| #define PACKAGE_TARNAME "ViennaRNA"
| #define PACKAGE_VERSION "2.3.3"
| #define PACKAGE_STRING "ViennaRNA 2.3.3"
| #define PACKAGE_BUGREPORT "rna@tbi.univie.ac.at"
| #define PACKAGE_URL "http://www.tbi.univie.ac.at/RNA"
| #define STDC_HEADERS 1
| #define HAVE_SYS_TYPES_H 1
| #define HAVE_SYS_STAT_H 1
| #define HAVE_STDLIB_H 1
| #define HAVE_STRING_H 1
| #define HAVE_MEMORY_H 1
| #define HAVE_STRINGS_H 1
| #define HAVE_INTTYPES_H 1
| #define HAVE_STDINT_H 1
| #define HAVE_UNISTD_H 1
| #define __EXTENSIONS__ 1
| #define _ALL_SOURCE 1
| #define _GNU_SOURCE 1
| #define _POSIX_PTHREAD_SEMANTICS 1
| #define _TANDEM_SOURCE 1
| #define PACKAGE "ViennaRNA"
| #define VERSION "2.3.3"
| #define UNUSED __attribute__ ((unused))
| #define HAVE_DLFCN_H 1
| #define LT_OBJDIR ".libs/"
| #define HAVE_LIBM 1
| #define STDC_HEADERS 1
| #define HAVE__BOOL 1
| #define HAVE_STDBOOL_H 1
| #define HAVE_MALLOC_H 1
| #define HAVE_FLOAT_H 1
| #define HAVE_LIMITS_H 1
| #define HAVE_STDLIB_H 1
| #define HAVE_STRING_H 1
| #define HAVE_STRINGS_H 1
| #define HAVE_UNISTD_H 1
| #define HAVE_MATH_H 1
| #define HAVE_STDARG_H 1
| #define HAVE_STDLIB_H 1
| #define HAVE_MALLOC 1
| #define HAVE_STDLIB_H 1
| #define HAVE_REALLOC 1
| #define HAVE_FLOOR 1
| #define HAVE_STRDUP 1
| #define HAVE_STRSTR 1
| #define HAVE_STRCHR 1
| #define HAVE_STRRCHR 1
| #define HAVE_STRSTR 1
| #define HAVE_STRTOL 1
| #define HAVE_STRTOUL 1
| #define HAVE_POW 1
| #define HAVE_RINT 1
| #define HAVE_SQRT 1
| #define HAVE_ERAND48 1
| #define HAVE_MEMSET 1
| #define HAVE_MEMMOVE 1
| #define HAVE_ERAND48 1
| #define HAVE_ASPRINTF 1
| #define HAVE_VASPRINTF 1
| /* end confdefs.h.  */
| 
| int
| main ()
| {
| 
|       #if !(defined(__FUJITSU))
|         thisisanerror;
|       #endif
| 
|   ;
|   return 0;
| }
configure:14058: gcc -c -g -O2  conftest.c >&5
configure:14058: $? = 0
configure:14066: result: gnu
configure:14076: checking for perl
configure:14094: found /usr/bin/perl
configure:14106: result: /usr/bin/perl
configure:14134: checking whether C compiler accepts -fno-strict-aliasing
configure:14153: gcc -c -g -O2  -fno-strict-aliasing  conftest.c >&5
configure:14153: $? = 0
configure:14161: result: yes
configure:14189: : RNA_CFLAGS="$RNA_CFLAGS"
configure:14192: $? = 0
configure:14205: checking whether C++ compiler accepts -fno-strict-aliasing
configure:14224: g++ -c -g -O2  -fno-strict-aliasing  conftest.cpp >&5
configure:14224: $? = 0
configure:14232: result: yes
configure:14260: : RNA_CXXFLAGS="$RNA_CXXFLAGS"
configure:14263: $? = 0
configure:14270: checking whether the linker accepts -fno-strict-aliasing
configure:14289: gcc -o conftest -g -O2    -fno-strict-aliasing conftest.c -lm  >&5
configure:14289: $? = 0
configure:14298: result: yes
configure:14326: : RNA_LDFLAGS="$RNA_LDFLAGS"
configure:14329: $? = 0
configure:14360: checking whether the C compiler allows unnamed unions of unnamed structs
configure:14383: gcc -o conftest -g -O2   conftest.c -lm  >&5
configure:14383: $? = 0
configure:14383: ./conftest
configure:14383: $? = 0
configure:14399: result: yes
configure:14404: checking whether the C++ compiler allows unnamed unions of unnamed structs
configure:14428: g++ -o conftest -g -O2   conftest.cpp -lm  >&5
configure:14428: $? = 0
configure:14428: ./conftest
configure:14428: $? = 0
configure:14444: result: yes
configure:15037: checking whether C compiler accepts -flto
configure:15056: gcc -c -g -O2  -flto  conftest.c >&5
configure:15056: $? = 0
configure:15064: result: yes
configure:15086: checking whether C++ compiler accepts -flto
configure:15105: g++ -c -g -O2  -flto  conftest.cpp >&5
configure:15105: $? = 0
configure:15113: result: yes
configure:15135: checking whether C compiler accepts -ffat-lto-objects
configure:15154: gcc -c -g -O2  -ffat-lto-objects  conftest.c >&5
configure:15154: $? = 0
configure:15162: result: yes
configure:15184: checking whether C++ compiler accepts -ffat-lto-objects
configure:15203: g++ -c -g -O2  -ffat-lto-objects  conftest.cpp >&5
configure:15203: $? = 0
configure:15211: result: yes
configure:15461: WARNING: Trying to re-set ar/ranlib/nm to compiler specific wrappers
configure:15509: checking for gcc-ar
configure:15525: found /usr/bin/gcc-ar
configure:15536: result: gcc-ar
configure:15601: checking for gcc-ranlib
configure:15617: found /usr/bin/gcc-ranlib
configure:15628: result: gcc-ranlib
configure:15693: checking for gcc-nm
configure:15709: found /usr/bin/gcc-nm
configure:15720: result: gcc-nm
configure:16149: checking for ./src/libsvm-3.20/svm.cpp
configure:16152: result: yes
configure:16149: checking for ./src/libsvm-3.20/svm.h
configure:16152: result: yes
configure:16222: checking for ./src/json/json.c
configure:16225: result: yes
configure:16222: checking for ./src/json/json.h
configure:16225: result: yes
configure:16322: checking for cblas_dgemm in -lgslcblas
configure:16347: gcc -o conftest -g -O2   conftest.c -lgslcblas  -lm  >&5
/usr/bin/ld: cannot find -lgslcblas
collect2: error: ld returned 1 exit status
configure:16347: $? = 1
configure: failed program was:
| /* confdefs.h */
| #define PACKAGE_NAME "ViennaRNA"
| #define PACKAGE_TARNAME "ViennaRNA"
| #define PACKAGE_VERSION "2.3.3"
| #define PACKAGE_STRING "ViennaRNA 2.3.3"
| #define PACKAGE_BUGREPORT "rna@tbi.univie.ac.at"
| #define PACKAGE_URL "http://www.tbi.univie.ac.at/RNA"
| #define STDC_HEADERS 1
| #define HAVE_SYS_TYPES_H 1
| #define HAVE_SYS_STAT_H 1
| #define HAVE_STDLIB_H 1
| #define HAVE_STRING_H 1
| #define HAVE_MEMORY_H 1
| #define HAVE_STRINGS_H 1
| #define HAVE_INTTYPES_H 1
| #define HAVE_STDINT_H 1
| #define HAVE_UNISTD_H 1
| #define __EXTENSIONS__ 1
| #define _ALL_SOURCE 1
| #define _GNU_SOURCE 1
| #define _POSIX_PTHREAD_SEMANTICS 1
| #define _TANDEM_SOURCE 1
| #define PACKAGE "ViennaRNA"
| #define VERSION "2.3.3"
| #define UNUSED __attribute__ ((unused))
| #define HAVE_DLFCN_H 1
| #define LT_OBJDIR ".libs/"
| #define HAVE_LIBM 1
| #define STDC_HEADERS 1
| #define HAVE__BOOL 1
| #define HAVE_STDBOOL_H 1
| #define HAVE_MALLOC_H 1
| #define HAVE_FLOAT_H 1
| #define HAVE_LIMITS_H 1
| #define HAVE_STDLIB_H 1
| #define HAVE_STRING_H 1
| #define HAVE_STRINGS_H 1
| #define HAVE_UNISTD_H 1
| #define HAVE_MATH_H 1
| #define HAVE_STDARG_H 1
| #define HAVE_STDLIB_H 1
| #define HAVE_MALLOC 1
| #define HAVE_STDLIB_H 1
| #define HAVE_REALLOC 1
| #define HAVE_FLOOR 1
| #define HAVE_STRDUP 1
| #define HAVE_STRSTR 1
| #define HAVE_STRCHR 1
| #define HAVE_STRRCHR 1
| #define HAVE_STRSTR 1
| #define HAVE_STRTOL 1
| #define HAVE_STRTOUL 1
| #define HAVE_POW 1
| #define HAVE_RINT 1
| #define HAVE_SQRT 1
| #define HAVE_ERAND48 1
| #define HAVE_MEMSET 1
| #define HAVE_MEMMOVE 1
| #define HAVE_ERAND48 1
| #define HAVE_ASPRINTF 1
| #define HAVE_VASPRINTF 1
| #define USE_SVM 1
| #define WITH_JSON_SUPPORT 1
| /* end confdefs.h.  */
| 
| /* Override any GCC internal prototype to avoid an error.
|    Use char because int might match the return type of a GCC
|    builtin and then its argument prototype would still apply.  */
| #ifdef __cplusplus
| extern "C"
| #endif
| char cblas_dgemm ();
| int
| main ()
| {
| return cblas_dgemm ();
|   ;
|   return 0;
| }
configure:16356: result: no
configure:16367: checking for gsl_blas_dgemm in -lgsl
configure:16392: gcc -o conftest -g -O2   conftest.c -lgsl  -lm  >&5
/usr/bin/ld: cannot find -lgsl
collect2: error: ld returned 1 exit status
configure:16392: $? = 1
configure: failed program was:
| /* confdefs.h */
| #define PACKAGE_NAME "ViennaRNA"
| #define PACKAGE_TARNAME "ViennaRNA"
| #define PACKAGE_VERSION "2.3.3"
| #define PACKAGE_STRING "ViennaRNA 2.3.3"
| #define PACKAGE_BUGREPORT "rna@tbi.univie.ac.at"
| #define PACKAGE_URL "http://www.tbi.univie.ac.at/RNA"
| #define STDC_HEADERS 1
| #define HAVE_SYS_TYPES_H 1
| #define HAVE_SYS_STAT_H 1
| #define HAVE_STDLIB_H 1
| #define HAVE_STRING_H 1
| #define HAVE_MEMORY_H 1
| #define HAVE_STRINGS_H 1
| #define HAVE_INTTYPES_H 1
| #define HAVE_STDINT_H 1
| #define HAVE_UNISTD_H 1
| #define __EXTENSIONS__ 1
| #define _ALL_SOURCE 1
| #define _GNU_SOURCE 1
| #define _POSIX_PTHREAD_SEMANTICS 1
| #define _TANDEM_SOURCE 1
| #define PACKAGE "ViennaRNA"
| #define VERSION "2.3.3"
| #define UNUSED __attribute__ ((unused))
| #define HAVE_DLFCN_H 1
| #define LT_OBJDIR ".libs/"
| #define HAVE_LIBM 1
| #define STDC_HEADERS 1
| #define HAVE__BOOL 1
| #define HAVE_STDBOOL_H 1
| #define HAVE_MALLOC_H 1
| #define HAVE_FLOAT_H 1
| #define HAVE_LIMITS_H 1
| #define HAVE_STDLIB_H 1
| #define HAVE_STRING_H 1
| #define HAVE_STRINGS_H 1
| #define HAVE_UNISTD_H 1
| #define HAVE_MATH_H 1
| #define HAVE_STDARG_H 1
| #define HAVE_STDLIB_H 1
| #define HAVE_MALLOC 1
| #define HAVE_STDLIB_H 1
| #define HAVE_REALLOC 1
| #define HAVE_FLOOR 1
| #define HAVE_STRDUP 1
| #define HAVE_STRSTR 1
| #define HAVE_STRCHR 1
| #define HAVE_STRRCHR 1
| #define HAVE_STRSTR 1
| #define HAVE_STRTOL 1
| #define HAVE_STRTOUL 1
| #define HAVE_POW 1
| #define HAVE_RINT 1
| #define HAVE_SQRT 1
| #define HAVE_ERAND48 1
| #define HAVE_MEMSET 1
| #define HAVE_MEMMOVE 1
| #define HAVE_ERAND48 1
| #define HAVE_ASPRINTF 1
| #define HAVE_VASPRINTF 1
| #define USE_SVM 1
| #define WITH_JSON_SUPPORT 1
| /* end confdefs.h.  */
| 
| /* Override any GCC internal prototype to avoid an error.
|    Use char because int might match the return type of a GCC
|    builtin and then its argument prototype would still apply.  */
| #ifdef __cplusplus
| extern "C"
| #endif
| char gsl_blas_dgemm ();
| int
| main ()
| {
| return gsl_blas_dgemm ();
|   ;
|   return 0;
| }
configure:16401: result: no
configure:16414: WARNING: "Can't find libgsl. Falling back to default implementation."
configure:16477: checking for OpenMP flag of C compiler
configure:16519: gcc -o conftest -g -O2 -fopenmp   conftest.c -lm  >&5
configure:16519: $? = 0
configure:16528: result: -fopenmp
configure:16560: checking for OpenMP flag of C++ compiler
configure:16602: g++ -o conftest -g -O2 -fopenmp   conftest.cpp -lm  >&5
configure:16602: $? = 0
configure:16611: result: -fopenmp
configure:17064: checking for ./src/Kinfold/Makefile.am
configure:17067: result: yes
configure:17131: checking for ./src/RNAforester/Makefile.am
configure:17134: result: yes
configure:17347: checking for ./interfaces/Makefile.am
configure:17350: result: yes
configure:17381: checking for swig
configure:17414: result: no
configure:17381: checking for swig2.0
configure:17414: result: no
configure:17534: checking for ./interfaces/Perl/Makefile.am
configure:17537: result: yes
configure:17573: checking for ./interfaces/Perl/RNA_wrap.cpp
configure:17576: result: yes
configure:17588: checking for ./interfaces/Perl/RNA.pm
configure:17591: result: yes
configure:17620: checking for /usr/bin/perl
configure:17650: result: /usr/bin/perl
configure:17668: checking for Perl prefix
configure:17673: result: /usr
configure:17681: checking for Perl siteprefix
configure:17686: result: /usr/local
configure:17694: checking for Perl vendorprefix
configure:17699: result: /usr
configure:17707: checking for Perl extension include path
configure:17712: result: /usr/lib/x86_64-linux-gnu/perl/5.30/CORE
configure:17720: checking for Perl extension target directory
configure:17725: result: /usr/local/lib/x86_64-linux-gnu/perl/5.30.0
configure:17734: checking for architecture dependent Perl extension site target directory
configure:17739: result: /usr/local/lib/x86_64-linux-gnu/perl/5.30.0
configure:17747: checking for architecture dependent Perl extension vendor target directory
configure:17752: result: /usr/lib/x86_64-linux-gnu/perl5/5.30
configure:17760: checking for architecture independent Perl extension site target directory
configure:17765: result: /usr/local/share/perl/5.30.0
configure:17773: checking for architecture independent Perl extension vendor target directory
configure:17778: result: /usr/share/perl5
configure:17786: checking for Perl extensions C preprocessor flags
configure:17791: result: -D_REENTRANT -D_GNU_SOURCE -DDEBIAN -fwrapv -fno-strict-aliasing -pipe -I/usr/local/include
configure:17799: checking for Perl extensions linker flags
configure:17812: result: -shared -L/usr/local/lib -fstack-protector-strong
configure:17820: checking for Perl dynamic library extension
configure:17825: result: .so
configure:17836: checking for perl
configure:17863: result: /usr/bin/perl
configure:17871: checking for perl module ExtUtils::Embed
configure:17875: result: yes
configure:17887: checking for perl ccopts embed flags
configure:17891: result:  -D_REENTRANT -D_GNU_SOURCE -DDEBIAN -fwrapv -fno-strict-aliasing -pipe -I/usr/local/include -D_LARGEFILE_SOURCE -D_FILE_OFFSET_BITS=64  -I/usr/lib/x86_64-linux-gnu/perl/5.30/CORE 
configure:17894: checking for perl ldopts embed flags
configure:17898: result: -Wl,-E  -fstack-protector-strong -L/usr/local/lib  -L/usr/lib/x86_64-linux-gnu/perl/5.30/CORE -lperl -ldl -lm -lpthread -lc -lcrypt
configure:17906: checking consistency of all components of perl development environment
configure:17940: gcc -o conftest -g -O2  -D_REENTRANT -D_GNU_SOURCE -DDEBIAN -fwrapv -fno-strict-aliasing -pipe -I/usr/local/include -D_LARGEFILE_SOURCE -D_FILE_OFFSET_BITS=64  -I/usr/lib/x86_64-linux-gnu/perl/5.30/CORE     conftest.c -lm  -Wl,-E  -fstack-protector-strong -L/usr/local/lib  -L/usr/lib/x86_64-linux-gnu/perl/5.30/CORE -lperl -ldl -lm -lpthread -lc -lcrypt >&5
/usr/bin/ld: cannot find -lperl
collect2: error: ld returned 1 exit status
configure:17940: $? = 1
configure: failed program was:
| /* confdefs.h */
| #define PACKAGE_NAME "ViennaRNA"
| #define PACKAGE_TARNAME "ViennaRNA"
| #define PACKAGE_VERSION "2.3.3"
| #define PACKAGE_STRING "ViennaRNA 2.3.3"
| #define PACKAGE_BUGREPORT "rna@tbi.univie.ac.at"
| #define PACKAGE_URL "http://www.tbi.univie.ac.at/RNA"
| #define STDC_HEADERS 1
| #define HAVE_SYS_TYPES_H 1
| #define HAVE_SYS_STAT_H 1
| #define HAVE_STDLIB_H 1
| #define HAVE_STRING_H 1
| #define HAVE_MEMORY_H 1
| #define HAVE_STRINGS_H 1
| #define HAVE_INTTYPES_H 1
| #define HAVE_STDINT_H 1
| #define HAVE_UNISTD_H 1
| #define __EXTENSIONS__ 1
| #define _ALL_SOURCE 1
| #define _GNU_SOURCE 1
| #define _POSIX_PTHREAD_SEMANTICS 1
| #define _TANDEM_SOURCE 1
| #define PACKAGE "ViennaRNA"
| #define VERSION "2.3.3"
| #define UNUSED __attribute__ ((unused))
| #define HAVE_DLFCN_H 1
| #define LT_OBJDIR ".libs/"
| #define HAVE_LIBM 1
| #define STDC_HEADERS 1
| #define HAVE__BOOL 1
| #define HAVE_STDBOOL_H 1
| #define HAVE_MALLOC_H 1
| #define HAVE_FLOAT_H 1
| #define HAVE_LIMITS_H 1
| #define HAVE_STDLIB_H 1
| #define HAVE_STRING_H 1
| #define HAVE_STRINGS_H 1
| #define HAVE_UNISTD_H 1
| #define HAVE_MATH_H 1
| #define HAVE_STDARG_H 1
| #define HAVE_STDLIB_H 1
| #define HAVE_MALLOC 1
| #define HAVE_STDLIB_H 1
| #define HAVE_REALLOC 1
| #define HAVE_FLOOR 1
| #define HAVE_STRDUP 1
| #define HAVE_STRSTR 1
| #define HAVE_STRCHR 1
| #define HAVE_STRRCHR 1
| #define HAVE_STRSTR 1
| #define HAVE_STRTOL 1
| #define HAVE_STRTOUL 1
| #define HAVE_POW 1
| #define HAVE_RINT 1
| #define HAVE_SQRT 1
| #define HAVE_ERAND48 1
| #define HAVE_MEMSET 1
| #define HAVE_MEMMOVE 1
| #define HAVE_ERAND48 1
| #define HAVE_ASPRINTF 1
| #define HAVE_VASPRINTF 1
| #define USE_SVM 1
| #define WITH_JSON_SUPPORT 1
| #define HAVE_OPENMP 1
| #define HAVE_OPENMP 1
| #define WITH_BOUSTROPHEDON 1
| /* end confdefs.h.  */
| 
| 
| #include "EXTERN.h"
| #include "perl.h"
| int
| main ()
| {
| 
| PERL_SYS_TERM();
| 
|   ;
|   return 0;
| }
| 
configure:17959: result: no
configure:18037: checking for ./interfaces/Python/Makefile.am
configure:18040: result: yes
configure:18076: checking for ./interfaces/Python/RNA_wrap.cpp
configure:18079: result: yes
configure:18091: checking for ./interfaces/Python/RNA.py
configure:18094: result: yes
configure:18123: checking for python2
configure:18141: found /usr/bin/python2
configure:18153: result: /usr/bin/python2
configure:18174: checking for python2-config
configure:18207: result: no
configure:18174: checking for python2.7-config
configure:18207: result: no
configure:18174: checking for python2.6-config
configure:18207: result: no
configure:18224: WARNING:
The python2-config program was not found in the search path. Please ensure
that it is installed and its directory is included in the search path.

configure:18431: checking for ./interfaces/Python3/Makefile.am
configure:18434: result: yes
configure:18470: checking for ./interfaces/Python3/RNA_wrap.cpp
configure:18473: result: yes
configure:18485: checking for ./interfaces/Python3/RNA.py
configure:18488: result: yes
configure:18517: checking for python3
configure:18535: found /usr/bin/python3
configure:18547: result: /usr/bin/python3
configure:18568: checking for python3-config
configure:18586: found /usr/bin/python3-config
configure:18598: result: /usr/bin/python3-config
configure:18626: checking for Python3 include path
configure:18630: result: -I/usr/include/python3.8 -I/usr/include/python3.8
configure:18633: checking for Python3 compile flags
configure:18637: result: -I/usr/include/python3.8 -I/usr/include/python3.8  -Wno-unused-result -Wsign-compare -g -fdebug-prefix-map=/build/python3.8-fKk4GY/python3.8-3.8.2=. -specs=/usr/share/dpkg/no-pie-compile.specs -fstack-protector -Wformat -Werror=format-security  -DNDEBUG -g -fwrapv -O3 -Wall
configure:18640: checking for Python3 libs
configure:18644: result:  -lcrypt -lpthread -ldl  -lutil -lm -lm 
configure:18647: checking for Python3 ld flags
configure:18651: result: -L/usr/lib/python3.8/config-3.8-x86_64-linux-gnu -L/usr/lib  -lcrypt -lpthread -ldl  -lutil -lm -lm 
configure:18654: checking for directory to install Python3 scripts in
configure:18663: result: ${prefix}/lib/python3.8/site-packages
configure:18667: checking for directory to install architecture dependent python3 things in
configure:18675: result: ${exec_prefix}/lib/python3.8/site-packages
configure:18679: checking for Python3 module extension
configure:18684: result: .cpython-38-x86_64-linux-gnu.so
configure:18687: checking for Python3 tag for cached compiled scripts
configure:18692: result: cpython-38
configure:18695: checking for Python3 extension of cached and optimized bytecode
configure:18701: result: cpython-38.opt-1.pyc
configure:18886: checking for doxygen
configure:18917: result: no
configure:18927: checking for pdflatex
configure:18958: result: no
configure:18968: checking for latex
configure:18999: result: no
configure:19009: checking for makeindex
configure:19040: result: no
configure:19050: checking for dot
configure:19081: result: no
configure:19091: checking for egrep
configure:19109: found /bin/egrep
configure:19122: result: /bin/egrep
configure:19132: checking for perl
configure:19150: found /usr/bin/perl
configure:19163: result: /usr/bin/perl
configure:19304: checking for doc/RNAlib-2.3.3.pdf
configure:19307: result: yes
configure:19323: checking for doc/html/index.html
configure:19326: result: yes
configure:19564: checking for CHECK
configure:19571: $PKG_CONFIG --exists --print-errors "check >= 0.9.4"
Package check was not found in the pkg-config search path.
Perhaps you should add the directory containing `check.pc'
to the PKG_CONFIG_PATH environment variable
No package 'check' found
configure:19574: $? = 1
configure:19588: $PKG_CONFIG --exists --print-errors "check >= 0.9.4"
Package check was not found in the pkg-config search path.
Perhaps you should add the directory containing `check.pc'
to the PKG_CONFIG_PATH environment variable
No package 'check' found
configure:19591: $? = 1
configure:19605: result: no
No package 'check' found
configure:19622: WARNING: check not found -- will not build C-library Unit tests
configure:19869: checking that generated files are newer than configure
configure:19875: result: done
configure:19990: creating ./config.status

## ---------------------- ##
## Running config.status. ##
## ---------------------- ##

This file was extended by ViennaRNA config.status 2.3.3, which was
generated by GNU Autoconf 2.69.  Invocation command line was

  CONFIG_FILES    = 
  CONFIG_HEADERS  = 
  CONFIG_LINKS    = 
  CONFIG_COMMANDS = 
  $ ./config.status 

on tsuki

config.status:1372: creating packaging/macosx/Makefile
config.status:1372: creating packaging/macosx/Distribution.xml
config.status:1372: creating packaging/macosx/resources/welcome.txt
config.status:1372: creating interfaces/Python3/Makefile
config.status:1372: creating interfaces/Python3/version.i
config.status:1372: creating tests/Makefile
config.status:1372: creating tests/RNApath.py
config.status:1372: creating tests/RNApath.pm
config.status:1372: creating misc/Makefile
config.status:1372: creating interfaces/Makefile
config.status:1372: creating Makefile
config.status:1372: creating RNAlib2.pc
config.status:1372: creating src/Utils/Makefile
config.status:1372: creating src/bin/Makefile
config.status:1372: creating src/Makefile
config.status:1372: creating man/Makefile
config.status:1372: creating src/ViennaRNA/Makefile
config.status:1372: creating doc/Makefile
config.status:1372: creating man/cmdlopt.sh
config.status:1372: creating packaging/viennarna.spec
config.status:1372: creating packaging/PKGBUILD
config.status:1372: creating packaging/win_installer_archlinux_i686.nsi
config.status:1372: creating packaging/win_installer_archlinux_x86_64.nsi
config.status:1372: creating packaging/win_installer_fedora_i686.nsi
config.status:1372: creating packaging/win_installer_fedora_x86_64.nsi
config.status:1372: creating config.h
config.status:1601: executing depfiles commands
config.status:1601: executing libtool commands
configure:22496: === configuring in src/Kinfold (/home/livanski/Downloads/ViennaRNA-2.3.3/src/Kinfold)
configure:22559: running /bin/bash ./configure --disable-option-checking '--prefix=/usr/local'  'CC=gcc' 'CXX=g++' 'CFLAGS=-g -O2' 'CXXFLAGS=-g -O2' 'AR=gcc-ar' 'RANLIB=gcc-ranlib' 'NM=gcc-nm' 'VRNA_CFLAGS=-I$(top_srcdir)/../../src/ViennaRNA -I$(top_srcdir)/../../src' 'VRNA_LIBS=-fno-strict-aliasing -flto -L$(top_builddir)/../../src/ViennaRNA -lRNA -fopenmp' --cache-file=/dev/null --srcdir=.
configure:22496: === configuring in src/RNAforester (/home/livanski/Downloads/ViennaRNA-2.3.3/src/RNAforester)
configure:22559: running /bin/bash ./configure --disable-option-checking '--prefix=/usr/local'  'CC=gcc' 'CXX=g++' 'CFLAGS=-g -O2' 'CXXFLAGS=-g -O2' 'AR=gcc-ar' 'RANLIB=gcc-ranlib' 'NM=gcc-nm' 'VRNA_CFLAGS=-I$(top_srcdir)/../../src/ViennaRNA -I$(top_srcdir)/../../src' 'VRNA_LIBS=-fno-strict-aliasing -flto -L$(top_builddir)/../../src/ViennaRNA -lRNA -fopenmp' --cache-file=/dev/null --srcdir=.
configure:23083:

################################################
#         ViennaRNA Package 2.3.3             ##
#                                             ##
# configured successfully with the following  ##
# options:                                    ##
################################################


  * Extra Programs:

    ( Kinfold, RNAforester )

  * Other Options:

    ( SVM, JSON, Boustrophedon, OpenMP, LTO, C11, Color )

  * RNAlib Scripting Language Interfaces:

    ( Python 3 )

  * RNAlib Documentation:

    ( PDF, HTML )

  * Unit Tests will be performed for:

    ( Python 3 )


##############################################
# Files will be installed in the following  ##
# directories:                              ##
##############################################

  Executables:        /usr/local/bin
  Libraries:          /usr/local/lib
  Header files:       /usr/local/include
  Extra Data:         /usr/local/share
  Man pages:          /usr/local/share/man
  Documentation:      /usr/local/share/doc/ViennaRNA
    (HTML):           /usr/local/share/doc/ViennaRNA/html
    (PDF):            /usr/local/share/doc/ViennaRNA
  Perl5 Interface:    Not to be installed
    (binaries):       
    (scripts):        
  Python2 Interface:  Not to be installed
    (binaries):       
    (scripts):        
  Python3 Interface:  
    (binaries):       /usr/local/lib/python3.8/site-packages
    (scripts):        /usr/local/lib/python3.8/site-packages


## ---------------- ##
## Cache variables. ##
## ---------------- ##

ac_cv_build=x86_64-unknown-linux-gnu
ac_cv_c_compiler_gnu=yes
ac_cv_c_const=yes
ac_cv_c_inline=inline
ac_cv_cxx_compiler_gnu=yes
ac_cv_env_CCC_set=
ac_cv_env_CCC_value=
ac_cv_env_CC_set=
ac_cv_env_CC_value=
ac_cv_env_CFLAGS_set=
ac_cv_env_CFLAGS_value=
ac_cv_env_CHECK_CFLAGS_set=
ac_cv_env_CHECK_CFLAGS_value=
ac_cv_env_CHECK_LIBS_set=
ac_cv_env_CHECK_LIBS_value=
ac_cv_env_CPPFLAGS_set=
ac_cv_env_CPPFLAGS_value=
ac_cv_env_CPP_set=
ac_cv_env_CPP_value=
ac_cv_env_CXXCPP_set=
ac_cv_env_CXXCPP_value=
ac_cv_env_CXXFLAGS_set=
ac_cv_env_CXXFLAGS_value=
ac_cv_env_CXX_set=
ac_cv_env_CXX_value=
ac_cv_env_LDFLAGS_set=
ac_cv_env_LDFLAGS_value=
ac_cv_env_LIBS_set=
ac_cv_env_LIBS_value=
ac_cv_env_LT_SYS_LIBRARY_PATH_set=
ac_cv_env_LT_SYS_LIBRARY_PATH_value=
ac_cv_env_PERL_EXT_CPPFLAGS_set=
ac_cv_env_PERL_EXT_CPPFLAGS_value=
ac_cv_env_PERL_EXT_INC_set=
ac_cv_env_PERL_EXT_INC_value=
ac_cv_env_PERL_EXT_LDFLAGS_set=
ac_cv_env_PERL_EXT_LDFLAGS_value=
ac_cv_env_PERL_EXT_LIB_set=
ac_cv_env_PERL_EXT_LIB_value=
ac_cv_env_PERL_EXT_PREFIX_set=
ac_cv_env_PERL_EXT_PREFIX_value=
ac_cv_env_PERL_EXT_SITEARCH_set=
ac_cv_env_PERL_EXT_SITEARCH_value=
ac_cv_env_PERL_EXT_SITELIB_set=
ac_cv_env_PERL_EXT_SITELIB_value=
ac_cv_env_PERL_EXT_SITEPREFIX_set=
ac_cv_env_PERL_EXT_SITEPREFIX_value=
ac_cv_env_PERL_EXT_VENDORARCH_set=
ac_cv_env_PERL_EXT_VENDORARCH_value=
ac_cv_env_PERL_EXT_VENDORLIB_set=
ac_cv_env_PERL_EXT_VENDORLIB_value=
ac_cv_env_PERL_EXT_VENDORPREFIX_set=
ac_cv_env_PERL_EXT_VENDORPREFIX_value=
ac_cv_env_PERL_SO_set=
ac_cv_env_PERL_SO_value=
ac_cv_env_PERL_set=
ac_cv_env_PERL_value=
ac_cv_env_PKG_CONFIG_LIBDIR_set=
ac_cv_env_PKG_CONFIG_LIBDIR_value=
ac_cv_env_PKG_CONFIG_PATH_set=
ac_cv_env_PKG_CONFIG_PATH_value=
ac_cv_env_PKG_CONFIG_set=
ac_cv_env_PKG_CONFIG_value=
ac_cv_env_PYTHON2_CONFIG_set=
ac_cv_env_PYTHON2_CONFIG_value=
ac_cv_env_PYTHON2_DIR_set=
ac_cv_env_PYTHON2_DIR_value=
ac_cv_env_PYTHON2_EXECDIR_set=
ac_cv_env_PYTHON2_EXECDIR_value=
ac_cv_env_PYTHON2_set=
ac_cv_env_PYTHON2_value=
ac_cv_env_PYTHON3_CONFIG_set=
ac_cv_env_PYTHON3_CONFIG_value=
ac_cv_env_PYTHON3_DIR_set=
ac_cv_env_PYTHON3_DIR_value=
ac_cv_env_PYTHON3_EXECDIR_set=
ac_cv_env_PYTHON3_EXECDIR_value=
ac_cv_env_PYTHON3_set=
ac_cv_env_PYTHON3_value=
ac_cv_env_USER_AR_set=
ac_cv_env_USER_AR_value=
ac_cv_env_USER_NM_set=
ac_cv_env_USER_NM_value=
ac_cv_env_USER_RANLIB_set=
ac_cv_env_USER_RANLIB_value=
ac_cv_env_build_alias_set=
ac_cv_env_build_alias_value=
ac_cv_env_host_alias_set=
ac_cv_env_host_alias_value=
ac_cv_env_target_alias_set=
ac_cv_env_target_alias_value=
ac_cv_func_asprintf=yes
ac_cv_func_erand48=yes
ac_cv_func_floor=yes
ac_cv_func_malloc_0_nonnull=yes
ac_cv_func_memmove=yes
ac_cv_func_memset=yes
ac_cv_func_pow=yes
ac_cv_func_realloc_0_nonnull=yes
ac_cv_func_rint=yes
ac_cv_func_sqrt=yes
ac_cv_func_strchr=yes
ac_cv_func_strdup=yes
ac_cv_func_strrchr=yes
ac_cv_func_strstr=yes
ac_cv_func_strtod=yes
ac_cv_func_strtol=yes
ac_cv_func_strtoul=yes
ac_cv_func_vasprintf=yes
ac_cv_header_dlfcn_h=yes
ac_cv_header_float_h=yes
ac_cv_header_inttypes_h=yes
ac_cv_header_limits_h=yes
ac_cv_header_malloc_h=yes
ac_cv_header_math_h=yes
ac_cv_header_memory_h=yes
ac_cv_header_minix_config_h=no
ac_cv_header_stdarg_h=yes
ac_cv_header_stdbool_h=yes
ac_cv_header_stdc=yes
ac_cv_header_stdint_h=yes
ac_cv_header_stdlib_h=yes
ac_cv_header_string_h=yes
ac_cv_header_strings_h=yes
ac_cv_header_sys_stat_h=yes
ac_cv_header_sys_types_h=yes
ac_cv_header_unistd_h=yes
ac_cv_host=x86_64-unknown-linux-gnu
ac_cv_lib_gsl_gsl_blas_dgemm=no
ac_cv_lib_gslcblas_cblas_dgemm=no
ac_cv_lib_m_exp=yes
ac_cv_objext=o
ac_cv_path_EGREP='/bin/grep -E'
ac_cv_path_FGREP='/bin/grep -F'
ac_cv_path_GREP=/bin/grep
ac_cv_path_PERL=/usr/bin/perl
ac_cv_path_PYTHON2=/usr/bin/python2
ac_cv_path_PYTHON3=/usr/bin/python3
ac_cv_path_PYTHON3_CONFIG=/usr/bin/python3-config
ac_cv_path_SED=/bin/sed
ac_cv_path_ac_pt_PKG_CONFIG=/usr/bin/pkg-config
ac_cv_path_dot=no
ac_cv_path_doxygen=no
ac_cv_path_egrep=/bin/egrep
ac_cv_path_install='/usr/bin/install -c'
ac_cv_path_latex=no
ac_cv_path_lt_DD=/bin/dd
ac_cv_path_makeindex=no
ac_cv_path_mkdir=/bin/mkdir
ac_cv_path_pdflatex=no
ac_cv_path_perl=/usr/bin/perl
ac_cv_prog_AWK=gawk
ac_cv_prog_CPP='gcc -E'
ac_cv_prog_CXXCPP='g++ -E'
ac_cv_prog_PERL=/usr/bin/perl
ac_cv_prog_ac_ct_AR=ar
ac_cv_prog_ac_ct_CC=gcc
ac_cv_prog_ac_ct_CXX=g++
ac_cv_prog_ac_ct_MANIFEST_TOOL=mt
ac_cv_prog_ac_ct_OBJDUMP=objdump
ac_cv_prog_ac_ct_OUR_AR=gcc-ar
ac_cv_prog_ac_ct_OUR_NM=gcc-nm
ac_cv_prog_ac_ct_OUR_RANLIB=gcc-ranlib
ac_cv_prog_ac_ct_RANLIB=ranlib
ac_cv_prog_ac_ct_STRIP=strip
ac_cv_prog_cc_c89=
ac_cv_prog_cc_c99=
ac_cv_prog_cc_g=yes
ac_cv_prog_cxx_g=yes
ac_cv_prog_make_make_set=yes
ac_cv_safe_to_define___extensions__=yes
ac_cv_type__Bool=yes
ac_cv_type_size_t=yes
am_cv_CC_dependencies_compiler_type=gcc3
am_cv_CXX_dependencies_compiler_type=gcc3
am_cv_ar_interface=ar
am_cv_make_support_nested_variables=yes
am_cv_prog_cc_c_o=yes
ax_cv_c_compiler_vendor=gnu
ax_cv_c_openmp=-fopenmp
ax_cv_check_cflags___ffat_lto_objects=yes
ax_cv_check_cflags___flto=yes
ax_cv_check_cflags___fno_strict_aliasing=yes
ax_cv_check_cxxflags___ffat_lto_objects=yes
ax_cv_check_cxxflags___flto=yes
ax_cv_check_cxxflags___fno_strict_aliasing=yes
ax_cv_check_ldflags___fno_strict_aliasing=yes
ax_cv_cxx_openmp=-fopenmp
lt_cv_ar_at_file=@
lt_cv_archive_cmds_need_lc=no
lt_cv_deplibs_check_method=pass_all
lt_cv_file_magic_cmd='$MAGIC_CMD'
lt_cv_file_magic_test_file=
lt_cv_ld_reload_flag=-r
lt_cv_nm_interface='BSD nm'
lt_cv_objdir=.libs
lt_cv_path_LD=/usr/bin/ld
lt_cv_path_LDCXX='/usr/bin/ld -m elf_x86_64'
lt_cv_path_NM='/usr/bin/nm -B'
lt_cv_path_mainfest_tool=no
lt_cv_prog_compiler_c_o=yes
lt_cv_prog_compiler_c_o_CXX=yes
lt_cv_prog_compiler_pic='-fPIC -DPIC'
lt_cv_prog_compiler_pic_CXX='-fPIC -DPIC'
lt_cv_prog_compiler_pic_works=yes
lt_cv_prog_compiler_pic_works_CXX=yes
lt_cv_prog_compiler_rtti_exceptions=no
lt_cv_prog_compiler_static_works=yes
lt_cv_prog_compiler_static_works_CXX=yes
lt_cv_prog_gnu_ld=yes
lt_cv_prog_gnu_ldcxx=yes
lt_cv_sharedlib_from_linklib_cmd='printf %s\n'
lt_cv_shlibpath_overrides_runpath=yes
lt_cv_sys_global_symbol_pipe='sed -n -e '\''s/^.*[	 ]\([ABCDGIRSTW][ABCDGIRSTW]*\)[	 ][	 ]*\([_A-Za-z][_A-Za-z0-9]*\)$/\1 \2 \2/p'\'' | sed '\''/ __gnu_lto/d'\'''
lt_cv_sys_global_symbol_to_c_name_address='sed -n -e '\''s/^: \(.*\) .*$/  {"\1", (void *) 0},/p'\'' -e '\''s/^[ABCDGIRSTW][ABCDGIRSTW]* .* \(.*\)$/  {"\1", (void *) \&\1},/p'\'''
lt_cv_sys_global_symbol_to_c_name_address_lib_prefix='sed -n -e '\''s/^: \(.*\) .*$/  {"\1", (void *) 0},/p'\'' -e '\''s/^[ABCDGIRSTW][ABCDGIRSTW]* .* \(lib.*\)$/  {"\1", (void *) \&\1},/p'\'' -e '\''s/^[ABCDGIRSTW][ABCDGIRSTW]* .* \(.*\)$/  {"lib\1", (void *) \&\1},/p'\'''
lt_cv_sys_global_symbol_to_cdecl='sed -n -e '\''s/^T .* \(.*\)$/extern int \1();/p'\'' -e '\''s/^[ABCDGIRSTW][ABCDGIRSTW]* .* \(.*\)$/extern char \1;/p'\'''
lt_cv_sys_global_symbol_to_import=
lt_cv_sys_max_cmd_len=1572864
lt_cv_to_host_file_cmd=func_convert_file_noop
lt_cv_to_tool_file_cmd=func_convert_file_noop
lt_cv_truncate_bin='/bin/dd bs=4096 count=1'

## ----------------- ##
## Output variables. ##
## ----------------- ##

ACLOCAL='${SHELL} /home/livanski/Downloads/ViennaRNA-2.3.3/config/missing aclocal-1.15'
AMDEPBACKSLASH='\'
AMDEP_FALSE='#'
AMDEP_TRUE=''
AMTAR='$${TAR-tar}'
AM_BACKSLASH='\'
AM_CFLAGS=''
AM_CPPFLAGS=''
AM_CXXFLAGS=''
AM_DEFAULT_V='$(AM_DEFAULT_VERBOSITY)'
AM_DEFAULT_VERBOSITY='0'
AM_LDFLAGS=''
AM_V='$(V)'
AR='gcc-ar'
AUTOCONF='${SHELL} /home/livanski/Downloads/ViennaRNA-2.3.3/config/missing autoconf'
AUTOHEADER='${SHELL} /home/livanski/Downloads/ViennaRNA-2.3.3/config/missing autoheader'
AUTOMAKE='${SHELL} /home/livanski/Downloads/ViennaRNA-2.3.3/config/missing automake-1.15'
AWK='gawk'
CC='gcc'
CCDEPMODE='depmode=gcc3'
CFLAGS='-g -O2'
CHECK_CFLAGS=''
CHECK_LIBS=''
CLUSTER_DIR=''
CPP='gcc -E'
CPPFLAGS=''
CXX='g++'
CXXCPP='g++ -E'
CXXDEPMODE='depmode=gcc3'
CXXFLAGS='-g -O2'
CYGPATH_W='echo'
DEFS='-DHAVE_CONFIG_H'
DEPDIR='.deps'
DEPRECATION_WARNING=''
DISABLE_C11_FEATURES=''
DLLTOOL='false'
DOXYGEN_CMD_LATEX=''
DOXYGEN_CMD_MAKEINDEX=''
DOXYGEN_CONF='doxygen.conf'
DOXYGEN_DOCDIR='doc'
DOXYGEN_GENERATE_HTML=''
DOXYGEN_GENERATE_LATEX=''
DOXYGEN_HAVE_DOT=''
DOXYGEN_PROJECT_NAME='RNAlib-2.3.3'
DOXYGEN_SRCDIR='.'
DOXYGEN_WITH_PDFLATEX=''
DSYMUTIL=''
DUMPBIN=''
ECHO_C=''
ECHO_N='-n'
ECHO_T=''
EGREP='/bin/grep -E'
EXEEXT=''
FGREP='/bin/grep -F'
FLOAT_PF_FLAG=''
GREP='/bin/grep'
GSL_LIBS=''
HAS_SWIG_FALSE=''
HAS_SWIG_TRUE='#'
HDIUTIL=''
INSTALL_DATA='${INSTALL} -m 644'
INSTALL_PROGRAM='${INSTALL}'
INSTALL_SCRIPT='${INSTALL}'
INSTALL_STRIP_PROGRAM='$(install_sh) -c -s'
ISODATE='2020-08-22'
LD='/usr/bin/ld -m elf_x86_64'
LDFLAGS=''
LIBGOMPFLAG='-fopenmp'
LIBOBJS=''
LIBS='-lm '
LIBSVM_DIR='libsvm-3.20'
LIBTOOL='$(SHELL) $(top_builddir)/libtool'
LIBTOOL_DEPS='config/ltmain.sh'
LIPO=''
LN_S='ln -s'
LTLIBOBJS=''
LTO_CFLAGS='-flto -ffat-lto-objects'
LTO_CXXFLAGS='-flto -ffat-lto-objects'
LTO_LDFLAGS='-flto'
LT_SYS_LIBRARY_PATH=''
MACOSX_INSTALLER=''
MAKEINFO='${SHELL} /home/livanski/Downloads/ViennaRNA-2.3.3/config/missing makeinfo'
MAKE_CLUSTER_FALSE=''
MAKE_CLUSTER_TRUE='#'
MAKE_FORESTER_FALSE='#'
MAKE_FORESTER_TRUE=''
MAKE_KINFOLD_FALSE='#'
MAKE_KINFOLD_TRUE=''
MANIFEST_TOOL=':'
MKDIR_P='/bin/mkdir -p'
NM='gcc-nm'
NMEDIT=''
OBJDUMP='objdump'
OBJEXT='o'
OPENMP_CFLAGS='-fopenmp'
OPENMP_CXXFLAGS='-fopenmp'
OTOOL64=''
OTOOL=''
OUR_AR='gcc-ar'
OUR_NM='gcc-nm'
OUR_RANLIB='gcc-ranlib'
PACKAGE='ViennaRNA'
PACKAGE_BUGREPORT='rna@tbi.univie.ac.at'
PACKAGE_NAME='ViennaRNA'
PACKAGE_STRING='ViennaRNA 2.3.3'
PACKAGE_TARNAME='ViennaRNA'
PACKAGE_URL='http://www.tbi.univie.ac.at/RNA'
PACKAGE_VERSION='2.3.3'
PATH_SEPARATOR=':'
PERL='/usr/bin/perl'
PERLXS_CFLAGS=' -D_REENTRANT -D_GNU_SOURCE -DDEBIAN -fwrapv -fno-strict-aliasing -pipe -I/usr/local/include -D_LARGEFILE_SOURCE -D_FILE_OFFSET_BITS=64  -I/usr/lib/x86_64-linux-gnu/perl/5.30/CORE '
PERLXS_LDFLAGS='-Wl,-E  -fstack-protector-strong -L/usr/local/lib  -L/usr/lib/x86_64-linux-gnu/perl/5.30/CORE -lperl -ldl -lm -lpthread -lc -lcrypt'
PERL_ARCH_RELATIVE_INSTALL_DIR=''
PERL_EXT_CPPFLAGS='-D_REENTRANT -D_GNU_SOURCE -DDEBIAN -fwrapv -fno-strict-aliasing -pipe -I/usr/local/include'
PERL_EXT_INC='/usr/lib/x86_64-linux-gnu/perl/5.30/CORE'
PERL_EXT_LDFLAGS='-shared -L/usr/local/lib -fstack-protector-strong'
PERL_EXT_LIB='/usr/local/lib/x86_64-linux-gnu/perl/5.30.0'
PERL_EXT_PREFIX='/usr'
PERL_EXT_SITEARCH='/usr/local/lib/x86_64-linux-gnu/perl/5.30.0'
PERL_EXT_SITELIB='/usr/local/share/perl/5.30.0'
PERL_EXT_SITEPREFIX='/usr/local'
PERL_EXT_VENDORARCH='/usr/lib/x86_64-linux-gnu/perl5/5.30'
PERL_EXT_VENDORLIB='/usr/share/perl5'
PERL_EXT_VENDORPREFIX='/usr'
PERL_INTERFACE=''
PERL_LIB_RELATIVE_INSTALL_DIR=''
PERL_SO='.so'
PKGBUILD=''
PKGPYEXEC2DIR=''
PKGPYTHON2DIR=''
PKG_CONFIG='/usr/bin/pkg-config'
PKG_CONFIG_LIBDIR=''
PKG_CONFIG_PATH=''
POW_LIB=''
PRODUCTBUILD=''
PYEXEC2DIR=''
PYTHON2='/usr/bin/python2'
PYTHON2DIR=''
PYTHON2_CFLAGS=''
PYTHON2_CONFIG='no'
PYTHON2_DIR=''
PYTHON2_EXECDIR=''
PYTHON2_INCLUDES=''
PYTHON2_INTERFACE=''
PYTHON2_LDFLAGS=''
PYTHON2_LIBS=''
PYTHON2_SO=''
PYTHON3='/usr/bin/python3'
PYTHON3_CACHE_OPT1_EXT='cpython-38.opt-1.pyc'
PYTHON3_CACHE_TAG='cpython-38'
PYTHON3_CFLAGS='-I/usr/include/python3.8 -I/usr/include/python3.8  -Wno-unused-result -Wsign-compare -g -fdebug-prefix-map=/build/python3.8-fKk4GY/python3.8-3.8.2=. -specs=/usr/share/dpkg/no-pie-compile.specs -fstack-protector -Wformat -Werror=format-security  -DNDEBUG -g -fwrapv -O3 -Wall'
PYTHON3_CONFIG='/usr/bin/python3-config'
PYTHON3_DIR='${prefix}/lib/python3.8/site-packages'
PYTHON3_EXECDIR='${exec_prefix}/lib/python3.8/site-packages'
PYTHON3_INCLUDES='-I/usr/include/python3.8 -I/usr/include/python3.8'
PYTHON3_INTERFACE='Python3'
PYTHON3_LDFLAGS='-L/usr/lib/python3.8/config-3.8-x86_64-linux-gnu -L/usr/lib  -lcrypt -lpthread -ldl  -lutil -lm -lm '
PYTHON3_LIBS=' -lcrypt -lpthread -ldl  -lutil -lm -lm '
PYTHON3_SO='.cpython-38-x86_64-linux-gnu.so'
RANLIB='gcc-ranlib'
REFERENCE_MANUAL_PDF_NAME='RNAlib-2.3.3.pdf'
REFERENCE_MANUAL_TAGFILE='RNAlib-2.3.3.tag'
RNA_CFLAGS='-fno-strict-aliasing -flto -ffat-lto-objects -fopenmp'
RNA_CPPFLAGS=''
RNA_CXXFLAGS='-fno-strict-aliasing -flto -ffat-lto-objects -fopenmp'
RNA_LDFLAGS='-fno-strict-aliasing -flto'
SED='/bin/sed'
SET_MAKE=''
SHELL='/bin/bash'
STRIP='strip'
SWIG=''
SWIG_LIB=''
USER_AR=''
USER_NM=''
USER_RANLIB=''
VERSION='2.3.3'
VRNA_CFLAGS=' -I$(top_srcdir)/../../src/ViennaRNA -I$(top_srcdir)/../../src '
VRNA_LIBS=' -fno-strict-aliasing -flto -L$(top_builddir)/../../src/ViennaRNA -lRNA -fopenmp'
WITH_CHECK_FALSE=''
WITH_CHECK_TRUE='#'
WITH_FLOAT_PF=''
WITH_GSL_FALSE=''
WITH_GSL_TRUE='#'
WITH_JSON='WITH_JSON_SUPPORT'
WITH_JSON_FALSE='#'
WITH_JSON_TRUE=''
WITH_LIBSVM_FALSE='#'
WITH_LIBSVM_TRUE=''
WITH_LTO_FALSE='#'
WITH_LTO_TRUE=''
WITH_MACOSX_INSTALLER_FALSE=''
WITH_MACOSX_INSTALLER_TRUE='#'
WITH_PERL_TESTS_FALSE=''
WITH_PERL_TESTS_TRUE='#'
WITH_PYTHON3_TESTS_FALSE='#'
WITH_PYTHON3_TESTS_TRUE=''
WITH_PYTHON_TESTS_FALSE=''
WITH_PYTHON_TESTS_TRUE='#'
WITH_REFERENCE_MANUAL_BUILD_FALSE=''
WITH_REFERENCE_MANUAL_BUILD_TRUE='#'
WITH_REFERENCE_MANUAL_FALSE='#'
WITH_REFERENCE_MANUAL_HTML_FALSE='#'
WITH_REFERENCE_MANUAL_HTML_TRUE=''
WITH_REFERENCE_MANUAL_PDF_FALSE='#'
WITH_REFERENCE_MANUAL_PDF_TRUE=''
WITH_REFERENCE_MANUAL_TRUE=''
WITH_STATIC_EXECUTABLES_FALSE=''
WITH_STATIC_EXECUTABLES_TRUE='#'
WITH_SVM='USE_SVM'
WITH_UNIT_TESTS_FALSE='#'
WITH_UNIT_TESTS_TRUE=''
ac_ct_AR='ar'
ac_ct_CC='gcc'
ac_ct_CXX='g++'
ac_ct_DUMPBIN=''
am__EXEEXT_FALSE=''
am__EXEEXT_TRUE='#'
am__fastdepCC_FALSE='#'
am__fastdepCC_TRUE=''
am__fastdepCXX_FALSE='#'
am__fastdepCXX_TRUE=''
am__include='include'
am__isrc=''
am__leading_dot='.'
am__nodep='_no'
am__quote=''
am__tar='$${TAR-tar} chof - "$$tardir"'
am__untar='$${TAR-tar} xf -'
bindir='${exec_prefix}/bin'
build='x86_64-unknown-linux-gnu'
build_alias=''
build_cpu='x86_64'
build_os='linux-gnu'
build_vendor='unknown'
datadir='${datarootdir}'
datarootdir='${prefix}/share'
docdir='${datarootdir}/doc/${PACKAGE_TARNAME}'
dot='no'
doxygen='no'
dvidir='${docdir}'
egrep='/bin/egrep'
exec_prefix='${prefix}'
host='x86_64-unknown-linux-gnu'
host_alias=''
host_cpu='x86_64'
host_os='linux-gnu'
host_vendor='unknown'
htmldir='${datarootdir}/doc/${PACKAGE_TARNAME}/html'
includedir='${prefix}/include'
infodir='${datarootdir}/info'
install_sh='${SHELL} /home/livanski/Downloads/ViennaRNA-2.3.3/config/install-sh'
latex='no'
libdir='${exec_prefix}/lib'
libexecdir='${exec_prefix}/libexec'
localedir='${datarootdir}/locale'
localstatedir='${prefix}/var'
makeindex='no'
mandir='${datarootdir}/man'
mkdir_p='$(MKDIR_P)'
oldincludedir='/usr/include'
pdfdir='${docdir}'
pdflatex='no'
perl='/usr/bin/perl'
prefix='/usr/local'
program_transform_name='s,x,x,'
psdir='${docdir}'
py2execdir=''
py3execdir='${exec_prefix}/lib/python3.8/site-packages'
python2dir=''
python3dir='${prefix}/lib/python3.8/site-packages'
sbindir='${exec_prefix}/sbin'
sharedstatedir='${prefix}/com'
subdirs=' src/Kinfold src/RNAforester'
sysconfdir='${prefix}/etc'
target_alias=''

## ----------- ##
## confdefs.h. ##
## ----------- ##

/* confdefs.h */
#define PACKAGE_NAME "ViennaRNA"
#define PACKAGE_TARNAME "ViennaRNA"
#define PACKAGE_VERSION "2.3.3"
#define PACKAGE_STRING "ViennaRNA 2.3.3"
#define PACKAGE_BUGREPORT "rna@tbi.univie.ac.at"
#define PACKAGE_URL "http://www.tbi.univie.ac.at/RNA"
#define STDC_HEADERS 1
#define HAVE_SYS_TYPES_H 1
#define HAVE_SYS_STAT_H 1
#define HAVE_STDLIB_H 1
#define HAVE_STRING_H 1
#define HAVE_MEMORY_H 1
#define HAVE_STRINGS_H 1
#define HAVE_INTTYPES_H 1
#define HAVE_STDINT_H 1
#define HAVE_UNISTD_H 1
#define __EXTENSIONS__ 1
#define _ALL_SOURCE 1
#define _GNU_SOURCE 1
#define _POSIX_PTHREAD_SEMANTICS 1
#define _TANDEM_SOURCE 1
#define PACKAGE "ViennaRNA"
#define VERSION "2.3.3"
#define UNUSED __attribute__ ((unused))
#define HAVE_DLFCN_H 1
#define LT_OBJDIR ".libs/"
#define HAVE_LIBM 1
#define STDC_HEADERS 1
#define HAVE__BOOL 1
#define HAVE_STDBOOL_H 1
#define HAVE_MALLOC_H 1
#define HAVE_FLOAT_H 1
#define HAVE_LIMITS_H 1
#define HAVE_STDLIB_H 1
#define HAVE_STRING_H 1
#define HAVE_STRINGS_H 1
#define HAVE_UNISTD_H 1
#define HAVE_MATH_H 1
#define HAVE_STDARG_H 1
#define HAVE_STDLIB_H 1
#define HAVE_MALLOC 1
#define HAVE_STDLIB_H 1
#define HAVE_REALLOC 1
#define HAVE_FLOOR 1
#define HAVE_STRDUP 1
#define HAVE_STRSTR 1
#define HAVE_STRCHR 1
#define HAVE_STRRCHR 1
#define HAVE_STRSTR 1
#define HAVE_STRTOL 1
#define HAVE_STRTOUL 1
#define HAVE_POW 1
#define HAVE_RINT 1
#define HAVE_SQRT 1
#define HAVE_ERAND48 1
#define HAVE_MEMSET 1
#define HAVE_MEMMOVE 1
#define HAVE_ERAND48 1
#define HAVE_ASPRINTF 1
#define HAVE_VASPRINTF 1
#define USE_SVM 1
#define WITH_JSON_SUPPORT 1
#define HAVE_OPENMP 1
#define HAVE_OPENMP 1
#define WITH_BOUSTROPHEDON 1
#define WITH_PYTHON3_INTERFACE 1

configure: exit 0
